#
# A fatal error has been detected by the Java Runtime Environment:
#
#  SIGSEGV (0xb) at pc=0x000000010f121008, pid=88640, tid=0x0000000000000307
#
# JRE version: Java(TM) SE Runtime Environment (8.0_161-b12) (build 1.8.0_161-b12)
# Java VM: Java HotSpot(TM) 64-Bit Server VM (25.161-b12 mixed mode bsd-amd64 compressed oops)
# Problematic frame:
# V  [libjvm.dylib+0x321008]  jni_GetStringUTFChars+0x66
#
# Failed to write core dump. Core dumps have been disabled. To enable core dumping, try "ulimit -c unlimited" before starting Java again
#
# If you would like to submit a bug report, please visit:
#   http://bugreport.java.com/bugreport/crash.jsp
#

---------------  T H R E A D  ---------------

Current thread (0x00007fcbfa8e7800):  JavaThread "JavaFX Application Thread" [_thread_in_vm, id=775, stack(0x00007ffee0f62000,0x00007ffee1762000)]

siginfo: si_signo: 11 (SIGSEGV), si_code: 1 (SEGV_MAPERR), si_addr: 0x0000000000000000

Registers:
RAX=0x000000010f6f85f0, RBX=0x0000000000000000, RCX=0x000000010f628360, RDX=0x0000000000000000
RSP=0x00007ffee175aac0, RBP=0x00007ffee175ab40, RSI=0x0000000000000000, RDI=0x00007fcbfa8e79f8
R8 =0x0000000000000001, R9 =0x00007fcbf94db800, R10=0x000000011c77663b, R11=0x000000010f2e7bcb
R12=0x00007fcbfa8e7800, R13=0x00000001152258d0, R14=0x0000000000000000, R15=0x00007fcbfa8e79f8
RIP=0x000000010f121008, EFLAGS=0x0000000000010246, ERR=0x0000000000000004
  TRAPNO=0x000000000000000e

Top of Stack: (sp=0x00007ffee175aac0)
0x00007ffee175aac0:   00007fcbfa8e7800 0000000000000000
0x00007ffee175aad0:   0000000efa8e7800 00000001152258d0
0x00007ffee175aae0:   00007fcbfa8e7800 00007fcbfa8e7800
0x00007ffee175aaf0:   00007ffee175ab10 000000010ef43e3e
0x00007ffee175ab00:   00000001152258d0 00000001152258d0
0x00007ffee175ab10:   00007ffee175ab80 00000001152258d0
0x00007ffee175ab20:   0000000000000000 00000001152258d0
0x00007ffee175ab30:   0000000000000000 00007fcbfa8e79f8
0x00007ffee175ab40:   00007ffee175ab90 000000011bd6af8e
0x00007ffee175ab50:   00007fcbfa8e7800 00000001152258d0
0x00007ffee175ab60:   00000001152258d0 00000001152258d0
0x00007ffee175ab70:   0000000000000000 00000001152258d0
0x00007ffee175ab80:   00007ffee175ac10 00007fcbfa8e7800
0x00007ffee175ab90:   00007ffee175abf0 000000011c776667
0x00007ffee175aba0:   0000000114c1a480 000000011c776382
0x00007ffee175abb0:   00007ffee175abb0 00000001152258d0
0x00007ffee175abc0:   00007ffee175ac10 0000000115226240
0x00007ffee175abd0:   0000000000000000 00000001152258d0
0x00007ffee175abe0:   0000000000000000 00007ffee175ac10
0x00007ffee175abf0:   00007ffee175ac60 000000011c765dd0
0x00007ffee175ac00:   000000079760c0a0 000000011c76fd17
0x00007ffee175ac10:   0000000000000000 00000007962c4360
0x00007ffee175ac20:   00007ffee175ac20 0000000115224c56
0x00007ffee175ac30:   00007ffee175ac78 0000000115226240
0x00007ffee175ac40:   0000000000000000 0000000115224c80
0x00007ffee175ac50:   00007ffee175ac10 00007ffee175ac70
0x00007ffee175ac60:   00007ffee175acd0 000000011c7662bd
0x00007ffee175ac70:   0000000000000000 00000007962c4360
0x00007ffee175ac80:   00000007962c4360 00000007976296a0
0x00007ffee175ac90:   00007ffee175ac90 00000001152229d0
0x00007ffee175aca0:   00007ffee175ace8 0000000115223d48
0x00007ffee175acb0:   0000000000000000 0000000115222a18 

Instructions: (pc=0x000000010f121008)
0x000000010f120fe8:   00 49 83 7c 24 08 00 74 09 48 8d 7d 80 e8 e4 ae
0x000000010f120ff8:   19 00 4c 89 ff 4c 89 f6 48 89 da 90 0f 1f 40 00
0x000000010f121008:   4d 8b 36 4c 89 f7 e8 3d 39 fa ff 48 85 c0 75 05
0x000000010f121018:   45 31 ff eb 4f 4c 89 f7 e8 31 5d fd ff 41 89 c7 

Register to memory mapping:

RAX=0x000000010f6f85f0: _ZN20SafepointSynchronize6_stateE+0 in /Library/Java/JavaVirtualMachines/jdk1.8.0_161.jdk/Contents/Home/jre/lib/server/libjvm.dylib at 0x000000010ee00000
RBX=0x0000000000000000 is an unknown value
RCX=0x000000010f628360: UseMembar+0 in /Library/Java/JavaVirtualMachines/jdk1.8.0_161.jdk/Contents/Home/jre/lib/server/libjvm.dylib at 0x000000010ee00000
RDX=0x0000000000000000 is an unknown value
RSP=0x00007ffee175aac0 is pointing into the stack for thread: 0x00007fcbfa8e7800
RBP=0x00007ffee175ab40 is pointing into the stack for thread: 0x00007fcbfa8e7800
RSI=0x0000000000000000 is an unknown value
RDI=0x00007fcbfa8e79f8 is an unknown value
R8 =0x0000000000000001 is an unknown value
R9 =0x00007fcbf94db800 is an unknown value
R10=0x000000011c77663b is at code_begin+859 in an Interpreter codelet
method entry point (kind = native)  [0x000000011c7762e0, 0x000000011c776c40]  2400 bytes
R11=0x000000010f2e7bcb: throw_unsatisfied_link_error+0 in /Library/Java/JavaVirtualMachines/jdk1.8.0_161.jdk/Contents/Home/jre/lib/server/libjvm.dylib at 0x000000010ee00000
R12=0x00007fcbfa8e7800 is a thread
R13={method} {0x00000001152258d0} 'VideoCapture_1' '(Ljava/lang/String;)J' in 'org/opencv/videoio/VideoCapture'
R14=0x0000000000000000 is an unknown value
R15=0x00007fcbfa8e79f8 is an unknown value


Stack: [0x00007ffee0f62000,0x00007ffee1762000],  sp=0x00007ffee175aac0,  free space=8162k
Native frames: (J=compiled Java code, j=interpreted, Vv=VM code, C=native code)
V  [libjvm.dylib+0x321008]  jni_GetStringUTFChars+0x66
C  [libopencv_java341.dylib+0x5af8e]  Java_org_opencv_videoio_VideoCapture_VideoCapture_11+0x25
j  org.opencv.videoio.VideoCapture.VideoCapture_1(Ljava/lang/String;)J+0
j  org.opencv.videoio.VideoCapture.<init>(Ljava/lang/String;)V+6
j  application.Controller.openImage(Ljavafx/event/ActionEvent;)V+32
v  ~StubRoutines::call_stub
V  [libjvm.dylib+0x2ef9aa]  JavaCalls::call_helper(JavaValue*, methodHandle*, JavaCallArguments*, Thread*)+0x6ae
V  [libjvm.dylib+0x4d5be0]  Reflection::invoke(instanceKlassHandle, methodHandle, Handle, bool, objArrayHandle, BasicType, objArrayHandle, bool, Thread*)+0xe12
V  [libjvm.dylib+0x4d6114]  Reflection::invoke_method(oopDesc*, Handle, objArrayHandle, Thread*)+0x16c
V  [libjvm.dylib+0x347e2c]  JVM_InvokeMethod+0x166
j  sun.reflect.NativeMethodAccessorImpl.invoke0(Ljava/lang/reflect/Method;Ljava/lang/Object;[Ljava/lang/Object;)Ljava/lang/Object;+0
j  sun.reflect.NativeMethodAccessorImpl.invoke(Ljava/lang/Object;[Ljava/lang/Object;)Ljava/lang/Object;+100
j  sun.reflect.DelegatingMethodAccessorImpl.invoke(Ljava/lang/Object;[Ljava/lang/Object;)Ljava/lang/Object;+6
j  java.lang.reflect.Method.invoke(Ljava/lang/Object;[Ljava/lang/Object;)Ljava/lang/Object;+56
j  sun.reflect.misc.Trampoline.invoke(Ljava/lang/reflect/Method;Ljava/lang/Object;[Ljava/lang/Object;)Ljava/lang/Object;+7
j  sun.reflect.GeneratedMethodAccessor1.invoke(Ljava/lang/Object;[Ljava/lang/Object;)Ljava/lang/Object;+40
j  sun.reflect.DelegatingMethodAccessorImpl.invoke(Ljava/lang/Object;[Ljava/lang/Object;)Ljava/lang/Object;+6
j  java.lang.reflect.Method.invoke(Ljava/lang/Object;[Ljava/lang/Object;)Ljava/lang/Object;+56
j  sun.reflect.misc.MethodUtil.invoke(Ljava/lang/reflect/Method;Ljava/lang/Object;[Ljava/lang/Object;)Ljava/lang/Object;+20
j  javafx.fxml.FXMLLoader$MethodHandler.invoke([Ljava/lang/Object;)V+19
j  javafx.fxml.FXMLLoader$ControllerMethodEventHandler.handle(Ljavafx/event/Event;)V+12
j  com.sun.javafx.event.CompositeEventHandler.dispatchBubblingEvent(Ljavafx/event/Event;)V+51
J 1164 C1 com.sun.javafx.event.EventHandlerManager.dispatchBubblingEvent(Ljavafx/event/EventType;Ljavafx/event/Event;)Ljavafx/event/Event; (34 bytes) @ 0x000000011cb53ae4 [0x000000011cb53580+0x564]
j  com.sun.javafx.event.EventHandlerManager.dispatchBubblingEvent(Ljavafx/event/Event;)Ljavafx/event/Event;+8
j  com.sun.javafx.event.CompositeEventDispatcher.dispatchBubblingEvent(Ljavafx/event/Event;)Ljavafx/event/Event;+11
j  com.sun.javafx.event.BasicEventDispatcher.dispatchEvent(Ljavafx/event/Event;Ljavafx/event/EventDispatchChain;)Ljavafx/event/Event;+29
J 1214 C1 com.sun.javafx.event.EventDispatchChainImpl.dispatchEvent(Ljavafx/event/Event;)Ljavafx/event/Event; (101 bytes) @ 0x000000011cb6a154 [0x000000011cb69fa0+0x1b4]
j  com.sun.javafx.event.BasicEventDispatcher.dispatchEvent(Ljavafx/event/Event;Ljavafx/event/EventDispatchChain;)Ljavafx/event/Event;+17
J 1214 C1 com.sun.javafx.event.EventDispatchChainImpl.dispatchEvent(Ljavafx/event/Event;)Ljavafx/event/Event; (101 bytes) @ 0x000000011cb6a154 [0x000000011cb69fa0+0x1b4]
j  com.sun.javafx.event.BasicEventDispatcher.dispatchEvent(Ljavafx/event/Event;Ljavafx/event/EventDispatchChain;)Ljavafx/event/Event;+17
J 1214 C1 com.sun.javafx.event.EventDispatchChainImpl.dispatchEvent(Ljavafx/event/Event;)Ljavafx/event/Event; (101 bytes) @ 0x000000011cb6a154 [0x000000011cb69fa0+0x1b4]
j  com.sun.javafx.event.EventUtil.fireEventImpl(Ljavafx/event/EventDispatchChain;Ljavafx/event/EventTarget;Ljavafx/event/Event;)Ljavafx/event/Event;+10
j  com.sun.javafx.event.EventUtil.fireEvent(Ljavafx/event/EventTarget;Ljavafx/event/Event;)Ljavafx/event/Event;+37
j  javafx.event.Event.fireEvent(Ljavafx/event/EventTarget;Ljavafx/event/Event;)V+30
j  javafx.scene.Node.fireEvent(Ljavafx/event/Event;)V+86
j  javafx.scene.control.Button.fire()V+15
j  com.sun.javafx.scene.control.behavior.ButtonBehavior.mouseReleased(Ljavafx/scene/input/MouseEvent;)V+23
j  com.sun.javafx.scene.control.skin.BehaviorSkinBase$1.handle(Ljavafx/scene/input/MouseEvent;)V+83
j  com.sun.javafx.scene.control.skin.BehaviorSkinBase$1.handle(Ljavafx/event/Event;)V+5
j  com.sun.javafx.event.CompositeEventHandler$NormalEventHandlerRecord.handleBubblingEvent(Ljavafx/event/Event;)V+5
j  com.sun.javafx.event.CompositeEventHandler.dispatchBubblingEvent(Ljavafx/event/Event;)V+28
J 1164 C1 com.sun.javafx.event.EventHandlerManager.dispatchBubblingEvent(Ljavafx/event/EventType;Ljavafx/event/Event;)Ljavafx/event/Event; (34 bytes) @ 0x000000011cb53ae4 [0x000000011cb53580+0x564]
j  com.sun.javafx.event.EventHandlerManager.dispatchBubblingEvent(Ljavafx/event/Event;)Ljavafx/event/Event;+8
j  com.sun.javafx.event.CompositeEventDispatcher.dispatchBubblingEvent(Ljavafx/event/Event;)Ljavafx/event/Event;+11
j  com.sun.javafx.event.BasicEventDispatcher.dispatchEvent(Ljavafx/event/Event;Ljavafx/event/EventDispatchChain;)Ljavafx/event/Event;+29
J 1214 C1 com.sun.javafx.event.EventDispatchChainImpl.dispatchEvent(Ljavafx/event/Event;)Ljavafx/event/Event; (101 bytes) @ 0x000000011cb6a154 [0x000000011cb69fa0+0x1b4]
j  com.sun.javafx.event.BasicEventDispatcher.dispatchEvent(Ljavafx/event/Event;Ljavafx/event/EventDispatchChain;)Ljavafx/event/Event;+17
J 1214 C1 com.sun.javafx.event.EventDispatchChainImpl.dispatchEvent(Ljavafx/event/Event;)Ljavafx/event/Event; (101 bytes) @ 0x000000011cb6a154 [0x000000011cb69fa0+0x1b4]
j  com.sun.javafx.event.BasicEventDispatcher.dispatchEvent(Ljavafx/event/Event;Ljavafx/event/EventDispatchChain;)Ljavafx/event/Event;+17
J 1214 C1 com.sun.javafx.event.EventDispatchChainImpl.dispatchEvent(Ljavafx/event/Event;)Ljavafx/event/Event; (101 bytes) @ 0x000000011cb6a154 [0x000000011cb69fa0+0x1b4]
j  com.sun.javafx.event.EventUtil.fireEventImpl(Ljavafx/event/EventDispatchChain;Ljavafx/event/EventTarget;Ljavafx/event/Event;)Ljavafx/event/Event;+10
j  com.sun.javafx.event.EventUtil.fireEvent(Ljavafx/event/EventTarget;Ljavafx/event/Event;)Ljavafx/event/Event;+46
j  javafx.event.Event.fireEvent(Ljavafx/event/EventTarget;Ljavafx/event/Event;)V+30
j  javafx.scene.Scene$MouseHandler.process(Ljavafx/scene/input/MouseEvent;Z)V+491
j  javafx.scene.Scene$MouseHandler.access$1500(Ljavafx/scene/Scene$MouseHandler;Ljavafx/scene/input/MouseEvent;Z)V+3
j  javafx.scene.Scene.impl_processMouseEvent(Ljavafx/scene/input/MouseEvent;)V+6
j  javafx.scene.Scene$ScenePeerListener.mouseEvent(Ljavafx/event/EventType;DDDDLjavafx/scene/input/MouseButton;ZZZZZZZZZ)V+46
j  com.sun.javafx.tk.quantum.GlassViewEventHandler$MouseEventNotification.run()Ljava/lang/Void;+571
j  com.sun.javafx.tk.quantum.GlassViewEventHandler$MouseEventNotification.run()Ljava/lang/Object;+1
v  ~StubRoutines::call_stub
V  [libjvm.dylib+0x2ef9aa]  JavaCalls::call_helper(JavaValue*, methodHandle*, JavaCallArguments*, Thread*)+0x6ae
V  [libjvm.dylib+0x35019c]  JVM_DoPrivileged+0x4b8
J 1212  java.security.AccessController.doPrivileged(Ljava/security/PrivilegedAction;Ljava/security/AccessControlContext;)Ljava/lang/Object; (0 bytes) @ 0x000000011cb69655 [0x000000011cb69580+0xd5]
j  com.sun.javafx.tk.quantum.GlassViewEventHandler.lambda$handleMouseEvent$353()Ljava/lang/Void;+11
j  com.sun.javafx.tk.quantum.GlassViewEventHandler$$Lambda$167.get()Ljava/lang/Object;+4
J 1224 C1 com.sun.javafx.tk.quantum.QuantumToolkit.runWithoutRenderLock(Ljava/util/function/Supplier;)Ljava/lang/Object; (49 bytes) @ 0x000000011cb71534 [0x000000011cb71000+0x534]
j  com.sun.javafx.tk.quantum.GlassViewEventHandler.handleMouseEvent(Lcom/sun/glass/ui/View;JIIIIIIIZZ)V+103
j  com.sun.glass.ui.View.handleMouseEvent(JIIIIIIIZZ)V+30
j  com.sun.glass.ui.View.notifyMouse(IIIIIIIZZ)V+181
v  ~StubRoutines::call_stub
V  [libjvm.dylib+0x2ef9aa]  JavaCalls::call_helper(JavaValue*, methodHandle*, JavaCallArguments*, Thread*)+0x6ae
V  [libjvm.dylib+0x326bd8]  jni_invoke_nonstatic(JNIEnv_*, JavaValue*, _jobject*, JNICallType, _jmethodID*, JNI_ArgumentPusher*, Thread*)+0x2ec
V  [libjvm.dylib+0x3193bb]  jni_CallVoidMethod+0x16b
C  [libglass.dylib+0x2138c]  -[GlassViewDelegate sendJavaMouseEvent:]+0x86c
C  [AppKit+0x975422]  -[NSWindow(NSEventRouting) _reallySendEvent:isDelayedEvent:]+0x7a9
C  [AppKit+0x97485c]  -[NSWindow(NSEventRouting) sendEvent:]+0x1f1
C  [libglass.dylib+0x26844]  -[GlassWindow_Normal sendEvent:]+0x74
C  [AppKit+0x7d5617]  -[NSApplication(NSEvent) sendEvent:]+0x133
C  [AppKit+0x36d9d]  -[NSApplication run]+0x32c
C  [libglass.dylib+0x728c]  -[GlassApplication runLoop:]+0x72c
C  [Foundation+0x681c5]  __NSThreadPerformPerform+0x14e
C  [CoreFoundation+0xa3721]  __CFRUNLOOP_IS_CALLING_OUT_TO_A_SOURCE0_PERFORM_FUNCTION__+0x11
C  [CoreFoundation+0x15d0ac]  __CFRunLoopDoSource0+0x6c
C  [CoreFoundation+0x86260]  __CFRunLoopDoSources0+0xd0
C  [CoreFoundation+0x856dd]  __CFRunLoopRun+0x50d
C  [CoreFoundation+0x84f43]  CFRunLoopRunSpecific+0x1e3
C  [java+0x647a]  CreateExecutionEnvironment+0x367
C  [java+0x212c]  JLI_Launch+0x7a0
C  [java+0x84d7]  main+0x65
C  [java+0x1984]  start+0x34
C  0x0000000000000007

Java frames: (J=compiled Java code, j=interpreted, Vv=VM code)
j  org.opencv.videoio.VideoCapture.VideoCapture_1(Ljava/lang/String;)J+0
j  org.opencv.videoio.VideoCapture.<init>(Ljava/lang/String;)V+6
j  application.Controller.openImage(Ljavafx/event/ActionEvent;)V+32
v  ~StubRoutines::call_stub
j  sun.reflect.NativeMethodAccessorImpl.invoke0(Ljava/lang/reflect/Method;Ljava/lang/Object;[Ljava/lang/Object;)Ljava/lang/Object;+0
j  sun.reflect.NativeMethodAccessorImpl.invoke(Ljava/lang/Object;[Ljava/lang/Object;)Ljava/lang/Object;+100
j  sun.reflect.DelegatingMethodAccessorImpl.invoke(Ljava/lang/Object;[Ljava/lang/Object;)Ljava/lang/Object;+6
j  java.lang.reflect.Method.invoke(Ljava/lang/Object;[Ljava/lang/Object;)Ljava/lang/Object;+56
j  sun.reflect.misc.Trampoline.invoke(Ljava/lang/reflect/Method;Ljava/lang/Object;[Ljava/lang/Object;)Ljava/lang/Object;+7
j  sun.reflect.GeneratedMethodAccessor1.invoke(Ljava/lang/Object;[Ljava/lang/Object;)Ljava/lang/Object;+40
j  sun.reflect.DelegatingMethodAccessorImpl.invoke(Ljava/lang/Object;[Ljava/lang/Object;)Ljava/lang/Object;+6
j  java.lang.reflect.Method.invoke(Ljava/lang/Object;[Ljava/lang/Object;)Ljava/lang/Object;+56
j  sun.reflect.misc.MethodUtil.invoke(Ljava/lang/reflect/Method;Ljava/lang/Object;[Ljava/lang/Object;)Ljava/lang/Object;+20
j  javafx.fxml.FXMLLoader$MethodHandler.invoke([Ljava/lang/Object;)V+19
j  javafx.fxml.FXMLLoader$ControllerMethodEventHandler.handle(Ljavafx/event/Event;)V+12
j  com.sun.javafx.event.CompositeEventHandler.dispatchBubblingEvent(Ljavafx/event/Event;)V+51
J 1164 C1 com.sun.javafx.event.EventHandlerManager.dispatchBubblingEvent(Ljavafx/event/EventType;Ljavafx/event/Event;)Ljavafx/event/Event; (34 bytes) @ 0x000000011cb53ae4 [0x000000011cb53580+0x564]
j  com.sun.javafx.event.EventHandlerManager.dispatchBubblingEvent(Ljavafx/event/Event;)Ljavafx/event/Event;+8
j  com.sun.javafx.event.CompositeEventDispatcher.dispatchBubblingEvent(Ljavafx/event/Event;)Ljavafx/event/Event;+11
j  com.sun.javafx.event.BasicEventDispatcher.dispatchEvent(Ljavafx/event/Event;Ljavafx/event/EventDispatchChain;)Ljavafx/event/Event;+29
J 1214 C1 com.sun.javafx.event.EventDispatchChainImpl.dispatchEvent(Ljavafx/event/Event;)Ljavafx/event/Event; (101 bytes) @ 0x000000011cb6a154 [0x000000011cb69fa0+0x1b4]
j  com.sun.javafx.event.BasicEventDispatcher.dispatchEvent(Ljavafx/event/Event;Ljavafx/event/EventDispatchChain;)Ljavafx/event/Event;+17
J 1214 C1 com.sun.javafx.event.EventDispatchChainImpl.dispatchEvent(Ljavafx/event/Event;)Ljavafx/event/Event; (101 bytes) @ 0x000000011cb6a154 [0x000000011cb69fa0+0x1b4]
j  com.sun.javafx.event.BasicEventDispatcher.dispatchEvent(Ljavafx/event/Event;Ljavafx/event/EventDispatchChain;)Ljavafx/event/Event;+17
J 1214 C1 com.sun.javafx.event.EventDispatchChainImpl.dispatchEvent(Ljavafx/event/Event;)Ljavafx/event/Event; (101 bytes) @ 0x000000011cb6a154 [0x000000011cb69fa0+0x1b4]
j  com.sun.javafx.event.EventUtil.fireEventImpl(Ljavafx/event/EventDispatchChain;Ljavafx/event/EventTarget;Ljavafx/event/Event;)Ljavafx/event/Event;+10
j  com.sun.javafx.event.EventUtil.fireEvent(Ljavafx/event/EventTarget;Ljavafx/event/Event;)Ljavafx/event/Event;+37
j  javafx.event.Event.fireEvent(Ljavafx/event/EventTarget;Ljavafx/event/Event;)V+30
j  javafx.scene.Node.fireEvent(Ljavafx/event/Event;)V+86
j  javafx.scene.control.Button.fire()V+15
j  com.sun.javafx.scene.control.behavior.ButtonBehavior.mouseReleased(Ljavafx/scene/input/MouseEvent;)V+23
j  com.sun.javafx.scene.control.skin.BehaviorSkinBase$1.handle(Ljavafx/scene/input/MouseEvent;)V+83
j  com.sun.javafx.scene.control.skin.BehaviorSkinBase$1.handle(Ljavafx/event/Event;)V+5
j  com.sun.javafx.event.CompositeEventHandler$NormalEventHandlerRecord.handleBubblingEvent(Ljavafx/event/Event;)V+5
j  com.sun.javafx.event.CompositeEventHandler.dispatchBubblingEvent(Ljavafx/event/Event;)V+28
J 1164 C1 com.sun.javafx.event.EventHandlerManager.dispatchBubblingEvent(Ljavafx/event/EventType;Ljavafx/event/Event;)Ljavafx/event/Event; (34 bytes) @ 0x000000011cb53ae4 [0x000000011cb53580+0x564]
j  com.sun.javafx.event.EventHandlerManager.dispatchBubblingEvent(Ljavafx/event/Event;)Ljavafx/event/Event;+8
j  com.sun.javafx.event.CompositeEventDispatcher.dispatchBubblingEvent(Ljavafx/event/Event;)Ljavafx/event/Event;+11
j  com.sun.javafx.event.BasicEventDispatcher.dispatchEvent(Ljavafx/event/Event;Ljavafx/event/EventDispatchChain;)Ljavafx/event/Event;+29
J 1214 C1 com.sun.javafx.event.EventDispatchChainImpl.dispatchEvent(Ljavafx/event/Event;)Ljavafx/event/Event; (101 bytes) @ 0x000000011cb6a154 [0x000000011cb69fa0+0x1b4]
j  com.sun.javafx.event.BasicEventDispatcher.dispatchEvent(Ljavafx/event/Event;Ljavafx/event/EventDispatchChain;)Ljavafx/event/Event;+17
J 1214 C1 com.sun.javafx.event.EventDispatchChainImpl.dispatchEvent(Ljavafx/event/Event;)Ljavafx/event/Event; (101 bytes) @ 0x000000011cb6a154 [0x000000011cb69fa0+0x1b4]
j  com.sun.javafx.event.BasicEventDispatcher.dispatchEvent(Ljavafx/event/Event;Ljavafx/event/EventDispatchChain;)Ljavafx/event/Event;+17
J 1214 C1 com.sun.javafx.event.EventDispatchChainImpl.dispatchEvent(Ljavafx/event/Event;)Ljavafx/event/Event; (101 bytes) @ 0x000000011cb6a154 [0x000000011cb69fa0+0x1b4]
j  com.sun.javafx.event.EventUtil.fireEventImpl(Ljavafx/event/EventDispatchChain;Ljavafx/event/EventTarget;Ljavafx/event/Event;)Ljavafx/event/Event;+10
j  com.sun.javafx.event.EventUtil.fireEvent(Ljavafx/event/EventTarget;Ljavafx/event/Event;)Ljavafx/event/Event;+46
j  javafx.event.Event.fireEvent(Ljavafx/event/EventTarget;Ljavafx/event/Event;)V+30
j  javafx.scene.Scene$MouseHandler.process(Ljavafx/scene/input/MouseEvent;Z)V+491
j  javafx.scene.Scene$MouseHandler.access$1500(Ljavafx/scene/Scene$MouseHandler;Ljavafx/scene/input/MouseEvent;Z)V+3
j  javafx.scene.Scene.impl_processMouseEvent(Ljavafx/scene/input/MouseEvent;)V+6
j  javafx.scene.Scene$ScenePeerListener.mouseEvent(Ljavafx/event/EventType;DDDDLjavafx/scene/input/MouseButton;ZZZZZZZZZ)V+46
j  com.sun.javafx.tk.quantum.GlassViewEventHandler$MouseEventNotification.run()Ljava/lang/Void;+571
j  com.sun.javafx.tk.quantum.GlassViewEventHandler$MouseEventNotification.run()Ljava/lang/Object;+1
v  ~StubRoutines::call_stub
J 1212  java.security.AccessController.doPrivileged(Ljava/security/PrivilegedAction;Ljava/security/AccessControlContext;)Ljava/lang/Object; (0 bytes) @ 0x000000011cb695e3 [0x000000011cb69580+0x63]
j  com.sun.javafx.tk.quantum.GlassViewEventHandler.lambda$handleMouseEvent$353()Ljava/lang/Void;+11
j  com.sun.javafx.tk.quantum.GlassViewEventHandler$$Lambda$167.get()Ljava/lang/Object;+4
J 1224 C1 com.sun.javafx.tk.quantum.QuantumToolkit.runWithoutRenderLock(Ljava/util/function/Supplier;)Ljava/lang/Object; (49 bytes) @ 0x000000011cb71534 [0x000000011cb71000+0x534]
j  com.sun.javafx.tk.quantum.GlassViewEventHandler.handleMouseEvent(Lcom/sun/glass/ui/View;JIIIIIIIZZ)V+103
j  com.sun.glass.ui.View.handleMouseEvent(JIIIIIIIZZ)V+30
j  com.sun.glass.ui.View.notifyMouse(IIIIIIIZZ)V+181
v  ~StubRoutines::call_stub

---------------  P R O C E S S  ---------------

Java Threads: ( => current thread )
  0x00007fcbfa946800 JavaThread "Prism Font Disposer" daemon [_thread_blocked, id=77851, stack(0x00007000061b0000,0x00007000062b0000)]
  0x00007fcbfa204000 JavaThread "JavaFX-Launcher" [_thread_blocked, id=51719, stack(0x000070000602a000,0x000070000612a000)]
  0x00007fcbfa217800 JavaThread "Thread-3" daemon [_thread_in_native, id=35843, stack(0x0000700005e1e000,0x0000700005e9e000)]
=>0x00007fcbfa8e7800 JavaThread "JavaFX Application Thread" [_thread_in_vm, id=775, stack(0x00007ffee0f62000,0x00007ffee1762000)]
  0x00007fcbfa8e5000 JavaThread "Thread-1" daemon [_thread_blocked, id=23307, stack(0x0000700005d1b000,0x0000700005e1b000)]
  0x00007fcbfa1c1000 JavaThread "QuantumRenderer-0" daemon [_thread_blocked, id=15875, stack(0x0000700005c18000,0x0000700005d18000)]
  0x00007fcbf9817000 JavaThread "Service Thread" daemon [_thread_blocked, id=16387, stack(0x0000700005a12000,0x0000700005b12000)]
  0x00007fcbf9816000 JavaThread "C1 CompilerThread2" daemon [_thread_blocked, id=16643, stack(0x000070000590f000,0x0000700005a0f000)]
  0x00007fcbf9815800 JavaThread "C2 CompilerThread1" daemon [_thread_blocked, id=16899, stack(0x000070000580c000,0x000070000590c000)]
  0x00007fcbfa83e800 JavaThread "C2 CompilerThread0" daemon [_thread_blocked, id=12547, stack(0x0000700005709000,0x0000700005809000)]
  0x00007fcbfa00e000 JavaThread "Monitor Ctrl-Break" daemon [_thread_in_native, id=12291, stack(0x0000700005606000,0x0000700005706000)]
  0x00007fcbfa018000 JavaThread "Signal Dispatcher" daemon [_thread_blocked, id=17415, stack(0x0000700005503000,0x0000700005603000)]
  0x00007fcbfa00d800 JavaThread "Finalizer" daemon [_thread_blocked, id=19971, stack(0x0000700005400000,0x0000700005500000)]
  0x00007fcbfb048800 JavaThread "Reference Handler" daemon [_thread_blocked, id=20483, stack(0x00007000052fd000,0x00007000053fd000)]
  0x00007fcbfa001000 JavaThread "main" [_thread_blocked, id=9987, stack(0x0000700004ceb000,0x0000700004deb000)]

Other Threads:
  0x00007fcbf9804000 VMThread [stack: 0x00007000051fa000,0x00007000052fa000] [id=20995]
  0x00007fcbfa844000 WatcherThread [stack: 0x0000700005b15000,0x0000700005c15000] [id=16131]

VM state:not at safepoint (normal execution)

VM Mutex/Monitor currently owned by a thread: None

Heap:
 PSYoungGen      total 38400K, used 18554K [0x0000000795580000, 0x0000000798000000, 0x00000007c0000000)
  eden space 33280K, 43% used [0x0000000795580000,0x00000007963a1300,0x0000000797600000)
  from space 5120K, 79% used [0x0000000797600000,0x00000007979fd7b0,0x0000000797b00000)
  to   space 5120K, 0% used [0x0000000797b00000,0x0000000797b00000,0x0000000798000000)
 ParOldGen       total 87552K, used 80K [0x0000000740000000, 0x0000000745580000, 0x0000000795580000)
  object space 87552K, 0% used [0x0000000740000000,0x0000000740014010,0x0000000745580000)
 Metaspace       used 15634K, capacity 16286K, committed 16512K, reserved 1062912K
  class space    used 2140K, capacity 2354K, committed 2432K, reserved 1048576K

Card table byte_map: [0x000000011016e000,0x000000011056f000] byte_map_base: 0x000000010c76e000

Marking Bits: (ParMarkBitMap*) 0x000000010f6f76c0
 Begin Bits: [0x000000011081a000, 0x000000011281a000)
 End Bits:   [0x000000011281a000, 0x000000011481a000)

Polling page: 0x000000010e51b000

CodeCache: size=245760Kb used=4477Kb max_used=4477Kb free=241282Kb
 bounds [0x000000011c75e000, 0x000000011cbce000, 0x000000012b75e000]
 total_blobs=2078 nmethods=1396 adapters=595
 compilation: enabled

Compilation events (10 events):
Event: 4.779 Thread 0x00007fcbf9816000 1393       1       com.sun.javafx.geom.RectBounds::getBoundsType (4 bytes)
Event: 4.779 Thread 0x00007fcbf9816000 nmethod 1393 0x000000011cbbd810 code [0x000000011cbbd960, 0x000000011cbbda70]
Event: 4.843 Thread 0x00007fcbf9816000 1394       3       com.sun.glass.ui.mac.MacGestureSupport::notifyBeginTouchEvent (11 bytes)
Event: 4.844 Thread 0x00007fcbf9816000 nmethod 1394 0x000000011cbbdad0 code [0x000000011cbbdc40, 0x000000011cbbdec8]
Event: 4.844 Thread 0x00007fcbf9816000 1395       3       com.sun.glass.ui.mac.MacTouchInputSupport::notifyBeginTouchEvent (24 bytes)
Event: 4.844 Thread 0x00007fcbf9816000 nmethod 1395 0x000000011cbbe050 code [0x000000011cbbe1c0, 0x000000011cbbe3c8]
Event: 4.844 Thread 0x00007fcbf9816000 1396       3       com.sun.javafx.tk.quantum.GlassViewEventHandler$$Lambda$178/1685221408::get$Lambda (15 bytes)
Event: 4.844 Thread 0x00007fcbf9816000 nmethod 1396 0x000000011cbbe490 code [0x000000011cbbe600, 0x000000011cbbe890]
Event: 4.867 Thread 0x00007fcbf9816000 1397       3       com.sun.glass.ui.mac.MacTouchInputSupport$TouchPoint::<init> (39 bytes)
Event: 4.867 Thread 0x00007fcbf9816000 nmethod 1397 0x000000011cbbe9d0 code [0x000000011cbbeb40, 0x000000011cbbed10]

GC Heap History (2 events):
Event: 1.363 GC heap before
{Heap before GC invocations=1 (full 0):
 PSYoungGen      total 38400K, used 33280K [0x0000000795580000, 0x0000000798000000, 0x00000007c0000000)
  eden space 33280K, 100% used [0x0000000795580000,0x0000000797600000,0x0000000797600000)
  from space 5120K, 0% used [0x0000000797b00000,0x0000000797b00000,0x0000000798000000)
  to   space 5120K, 0% used [0x0000000797600000,0x0000000797600000,0x0000000797b00000)
 ParOldGen       total 87552K, used 0K [0x0000000740000000, 0x0000000745580000, 0x0000000795580000)
  object space 87552K, 0% used [0x0000000740000000,0x0000000740000000,0x0000000745580000)
 Metaspace       used 12750K, capacity 13212K, committed 13440K, reserved 1060864K
  class space    used 1693K, capacity 1847K, committed 1920K, reserved 1048576K
Event: 1.368 GC heap after
Heap after GC invocations=1 (full 0):
 PSYoungGen      total 38400K, used 4085K [0x0000000795580000, 0x0000000798000000, 0x00000007c0000000)
  eden space 33280K, 0% used [0x0000000795580000,0x0000000795580000,0x0000000797600000)
  from space 5120K, 79% used [0x0000000797600000,0x00000007979fd7b0,0x0000000797b00000)
  to   space 5120K, 0% used [0x0000000797b00000,0x0000000797b00000,0x0000000798000000)
 ParOldGen       total 87552K, used 80K [0x0000000740000000, 0x0000000745580000, 0x0000000795580000)
  object space 87552K, 0% used [0x0000000740000000,0x0000000740014010,0x0000000745580000)
 Metaspace       used 12750K, capacity 13212K, committed 13440K, reserved 1060864K
  class space    used 1693K, capacity 1847K, committed 1920K, reserved 1048576K
}

Deoptimization events (10 events):
Event: 1.431 Thread 0x00007fcbfa8e7800 Uncommon trap: reason=speculate_class_check action=maybe_recompile pc=0x000000011ca9c6d8 method=com.sun.javafx.css.BitSet.containsAll(Ljava/util/Collection;)Z @ 18
Event: 1.431 Thread 0x00007fcbfa8e7800 Uncommon trap: reason=class_check action=maybe_recompile pc=0x000000011c875408 method=java.lang.String.equals(Ljava/lang/Object;)Z @ 8
Event: 1.432 Thread 0x00007fcbfa8e7800 Uncommon trap: reason=class_check action=maybe_recompile pc=0x000000011c875408 method=java.lang.String.equals(Ljava/lang/Object;)Z @ 8
Event: 1.432 Thread 0x00007fcbfa8e7800 Uncommon trap: reason=class_check action=maybe_recompile pc=0x000000011c875408 method=java.lang.String.equals(Ljava/lang/Object;)Z @ 8
Event: 1.433 Thread 0x00007fcbfa8e7800 Uncommon trap: reason=speculate_class_check action=maybe_recompile pc=0x000000011ca9c6d8 method=com.sun.javafx.css.BitSet.containsAll(Ljava/util/Collection;)Z @ 18
Event: 1.433 Thread 0x00007fcbfa8e7800 Uncommon trap: reason=speculate_class_check action=maybe_recompile pc=0x000000011ca9c6d8 method=com.sun.javafx.css.BitSet.containsAll(Ljava/util/Collection;)Z @ 18
Event: 1.435 Thread 0x00007fcbfa8e7800 Uncommon trap: reason=class_check action=maybe_recompile pc=0x000000011c875408 method=java.lang.String.equals(Ljava/lang/Object;)Z @ 8
Event: 1.459 Thread 0x00007fcbfa8e7800 Uncommon trap: reason=unstable_if action=reinterpret pc=0x000000011ca75824 method=java.util.HashMap.putVal(ILjava/lang/Object;Ljava/lang/Object;ZZ)Ljava/lang/Object; @ 193
Event: 1.459 Thread 0x00007fcbfa8e7800 Uncommon trap: reason=unstable_if action=reinterpret pc=0x000000011ca7a554 method=java.util.HashMap.putVal(ILjava/lang/Object;Ljava/lang/Object;ZZ)Ljava/lang/Object; @ 193
Event: 2.912 Thread 0x00007fcbfa8e7800 Uncommon trap: reason=unstable_if action=reinterpret pc=0x000000011cac7d3c method=jdk.internal.org.objectweb.asm.Type.getArgumentsAndReturnSizes(Ljava/lang/String;)I @ 47

Classes redefined (0 events):
No events

Internal exceptions (10 events):
Event: 0.242 Thread 0x00007fcbfa001000 Exception <a 'java/security/PrivilegedActionException'> (0x0000000795a71ed8) thrown at [/Users/java_re/workspace/8-2-build-macosx-x86_64/jdk8u161/10277/hotspot/src/share/vm/prims/jvm.cpp, line 1390]
Event: 0.242 Thread 0x00007fcbfa001000 Exception <a 'java/lang/NullPointerException'> (0x0000000795a73830) thrown at [/Users/java_re/workspace/8-2-build-macosx-x86_64/jdk8u161/10277/hotspot/src/share/vm/interpreter/linkResolver.cpp, line 1185]
Event: 0.848 Thread 0x00007fcbfa8e7800 Exception <a 'java/lang/NullPointerException'> (0x000000079681dbd8) thrown at [/Users/java_re/workspace/8-2-build-macosx-x86_64/jdk8u161/10277/hotspot/src/share/vm/interpreter/linkResolver.cpp, line 1185]
Event: 0.848 Thread 0x00007fcbfa8e7800 Exception <a 'java/lang/NullPointerException'> (0x000000079681dbd8) thrown at [/Users/java_re/workspace/8-2-build-macosx-x86_64/jdk8u161/10277/hotspot/src/share/vm/prims/jvm.cpp, line 1394]
Event: 1.015 Thread 0x00007fcbfa8e7800 Exception <a 'java/lang/ArrayIndexOutOfBoundsException'> (0x0000000796f56018) thrown at [/Users/java_re/workspace/8-2-build-macosx-x86_64/jdk8u161/10277/hotspot/src/share/vm/runtime/sharedRuntime.cpp, line 605]
Event: 1.016 Thread 0x00007fcbfa8e7800 Exception <a 'java/lang/ArrayIndexOutOfBoundsException'> (0x0000000796f583d0) thrown at [/Users/java_re/workspace/8-2-build-macosx-x86_64/jdk8u161/10277/hotspot/src/share/vm/runtime/sharedRuntime.cpp, line 605]
Event: 1.017 Thread 0x00007fcbfa8e7800 Exception <a 'java/lang/ArrayIndexOutOfBoundsException'> (0x0000000796f5a278) thrown at [/Users/java_re/workspace/8-2-build-macosx-x86_64/jdk8u161/10277/hotspot/src/share/vm/runtime/sharedRuntime.cpp, line 605]
Event: 1.022 Thread 0x00007fcbfa8e7800 Exception <a 'java/lang/ArrayIndexOutOfBoundsException'> (0x0000000796f77448) thrown at [/Users/java_re/workspace/8-2-build-macosx-x86_64/jdk8u161/10277/hotspot/src/share/vm/runtime/sharedRuntime.cpp, line 605]
Event: 1.279 Thread 0x00007fcbfa8e7800 Exception <a 'java/lang/ArrayIndexOutOfBoundsException'> (0x00000007971c2130) thrown at [/Users/java_re/workspace/8-2-build-macosx-x86_64/jdk8u161/10277/hotspot/src/share/vm/runtime/sharedRuntime.cpp, line 605]
Event: 1.300 Thread 0x00007fcbfa8e7800 Exception <a 'java/io/FileNotFoundException'> (0x0000000797317ff8) thrown at [/Users/java_re/workspace/8-2-build-macosx-x86_64/jdk8u161/10277/hotspot/src/share/vm/prims/jni.cpp, line 709]

Events (10 events):
Event: 2.987 loading class com/sun/glass/ui/CommonDialogs$FileChooserResult
Event: 2.987 loading class com/sun/glass/ui/CommonDialogs$FileChooserResult done
Event: 3.243 loading class com/sun/glass/ui/EventLoop$State
Event: 3.243 loading class com/sun/glass/ui/EventLoop$State done
Event: 3.600 loading class com/sun/javafx/geom/transform/TransformHelper
Event: 3.600 loading class com/sun/javafx/geom/transform/TransformHelper done
Event: 3.604 loading class com/sun/javafx/sg/prism/NGNode$RenderRootResult
Event: 3.604 loading class com/sun/javafx/sg/prism/NGNode$RenderRootResult done
Event: 4.205 Executing VM operation: EnableBiasedLocking
Event: 4.206 Executing VM operation: EnableBiasedLocking done


Dynamic libraries:
0x0000000024db3000 	/System/Library/Frameworks/Cocoa.framework/Versions/A/Cocoa
0x0000000024db3000 	/System/Library/Frameworks/Security.framework/Versions/A/Security
0x0000000024db3000 	/System/Library/Frameworks/ApplicationServices.framework/Versions/A/ApplicationServices
0x0000000024db3000 	/usr/lib/libz.1.dylib
0x0000000024db3000 	/usr/lib/libSystem.B.dylib
0x0000000024db3000 	/usr/lib/libobjc.A.dylib
0x0000000024db3000 	/System/Library/Frameworks/CoreFoundation.framework/Versions/A/CoreFoundation
0x0000000024db3000 	/System/Library/Frameworks/Foundation.framework/Versions/C/Foundation
0x0000000024db3000 	/System/Library/Frameworks/AppKit.framework/Versions/C/AppKit
0x0000000024db3000 	/System/Library/Frameworks/CoreData.framework/Versions/A/CoreData
0x0000000024db3000 	/System/Library/PrivateFrameworks/RemoteViewServices.framework/Versions/A/RemoteViewServices
0x0000000024db3000 	/System/Library/PrivateFrameworks/UIFoundation.framework/Versions/A/UIFoundation
0x0000000024db3000 	/System/Library/PrivateFrameworks/DFRFoundation.framework/Versions/A/DFRFoundation
0x0000000024db3000 	/System/Library/Frameworks/Metal.framework/Versions/A/Metal
0x0000000024db3000 	/System/Library/PrivateFrameworks/DesktopServicesPriv.framework/Versions/A/DesktopServicesPriv
0x0000000024db3000 	/usr/lib/libenergytrace.dylib
0x0000000024db3000 	/System/Library/PrivateFrameworks/SkyLight.framework/Versions/A/SkyLight
0x0000000024db3000 	/System/Library/Frameworks/CoreGraphics.framework/Versions/A/CoreGraphics
0x0000000024db3000 	/usr/lib/libScreenReader.dylib
0x0000000024db3000 	/System/Library/Frameworks/Accelerate.framework/Versions/A/Accelerate
0x0000000024db3000 	/System/Library/Frameworks/IOSurface.framework/Versions/A/IOSurface
0x0000000024db3000 	/System/Library/Frameworks/AudioToolbox.framework/Versions/A/AudioToolbox
0x0000000024db3000 	/System/Library/Frameworks/AudioUnit.framework/Versions/A/AudioUnit
0x0000000024db3000 	/System/Library/PrivateFrameworks/DataDetectorsCore.framework/Versions/A/DataDetectorsCore
0x0000000024db3000 	/System/Library/Frameworks/Carbon.framework/Versions/A/Frameworks/HIToolbox.framework/Versions/A/HIToolbox
0x0000000024db3000 	/usr/lib/libicucore.A.dylib
0x0000000024db3000 	/System/Library/Frameworks/QuartzCore.framework/Versions/A/QuartzCore
0x0000000024db3000 	/System/Library/Frameworks/Carbon.framework/Versions/A/Frameworks/SpeechRecognition.framework/Versions/A/SpeechRecognition
0x0000000024db3000 	/usr/lib/libauto.dylib
0x0000000024db3000 	/usr/lib/libxml2.2.dylib
0x0000000024db3000 	/System/Library/PrivateFrameworks/CoreUI.framework/Versions/A/CoreUI
0x0000000024db3000 	/System/Library/Frameworks/CoreAudio.framework/Versions/A/CoreAudio
0x0000000024db3000 	/System/Library/Frameworks/DiskArbitration.framework/Versions/A/DiskArbitration
0x0000000024db3000 	/usr/lib/liblangid.dylib
0x0000000024db3000 	/System/Library/PrivateFrameworks/MultitouchSupport.framework/Versions/A/MultitouchSupport
0x0000000024db3000 	/System/Library/Frameworks/IOKit.framework/Versions/A/IOKit
0x0000000024db3000 	/usr/lib/libDiagnosticMessagesClient.dylib
0x0000000024db3000 	/System/Library/Frameworks/CoreServices.framework/Versions/A/CoreServices
0x0000000024db3000 	/System/Library/PrivateFrameworks/PerformanceAnalysis.framework/Versions/A/PerformanceAnalysis
0x0000000024db3000 	/System/Library/Frameworks/OpenGL.framework/Versions/A/OpenGL
0x0000000024db3000 	/System/Library/Frameworks/ColorSync.framework/Versions/A/ColorSync
0x0000000024db3000 	/System/Library/Frameworks/CoreImage.framework/Versions/A/CoreImage
0x0000000024db3000 	/System/Library/Frameworks/CoreText.framework/Versions/A/CoreText
0x0000000024db3000 	/System/Library/Frameworks/ImageIO.framework/Versions/A/ImageIO
0x0000000024db3000 	/System/Library/PrivateFrameworks/Backup.framework/Versions/A/Backup
0x0000000024db3000 	/usr/lib/libarchive.2.dylib
0x0000000024db3000 	/System/Library/Frameworks/CFNetwork.framework/Versions/A/CFNetwork
0x0000000024db3000 	/System/Library/Frameworks/SystemConfiguration.framework/Versions/A/SystemConfiguration
0x0000000024db3000 	/usr/lib/libCRFSuite.dylib
0x0000000024db3000 	/usr/lib/libc++.1.dylib
0x0000000024db3000 	/usr/lib/libc++abi.dylib
0x0000000024db3000 	/usr/lib/system/libcache.dylib
0x0000000024db3000 	/usr/lib/system/libcommonCrypto.dylib
0x0000000024db3000 	/usr/lib/system/libcompiler_rt.dylib
0x0000000024db3000 	/usr/lib/system/libcopyfile.dylib
0x0000000024db3000 	/usr/lib/system/libcorecrypto.dylib
0x0000000024db3000 	/usr/lib/system/libdispatch.dylib
0x0000000024db3000 	/usr/lib/system/libdyld.dylib
0x0000000024db3000 	/usr/lib/system/libkeymgr.dylib
0x0000000024db3000 	/usr/lib/system/liblaunch.dylib
0x0000000024db3000 	/usr/lib/system/libmacho.dylib
0x0000000024db3000 	/usr/lib/system/libquarantine.dylib
0x0000000024db3000 	/usr/lib/system/libremovefile.dylib
0x0000000024db3000 	/usr/lib/system/libsystem_asl.dylib
0x0000000024db3000 	/usr/lib/system/libsystem_blocks.dylib
0x0000000024db3000 	/usr/lib/system/libsystem_c.dylib
0x0000000024db3000 	/usr/lib/system/libsystem_configuration.dylib
0x0000000024db3000 	/usr/lib/system/libsystem_coreservices.dylib
0x0000000024db3000 	/usr/lib/system/libsystem_darwin.dylib
0x0000000024db3000 	/usr/lib/system/libsystem_dnssd.dylib
0x0000000024db3000 	/usr/lib/system/libsystem_info.dylib
0x0000000024db3000 	/usr/lib/system/libsystem_m.dylib
0x0000000024db3000 	/usr/lib/system/libsystem_malloc.dylib
0x0000000024db3000 	/usr/lib/system/libsystem_network.dylib
0x0000000024db3000 	/usr/lib/system/libsystem_networkextension.dylib
0x0000000024db3000 	/usr/lib/system/libsystem_notify.dylib
0x0000000024db3000 	/usr/lib/system/libsystem_sandbox.dylib
0x0000000024db3000 	/usr/lib/system/libsystem_secinit.dylib
0x0000000024db3000 	/usr/lib/system/libsystem_kernel.dylib
0x0000000024db3000 	/usr/lib/system/libsystem_platform.dylib
0x0000000024db3000 	/usr/lib/system/libsystem_pthread.dylib
0x0000000024db3000 	/usr/lib/system/libsystem_symptoms.dylib
0x0000000024db3000 	/usr/lib/system/libsystem_trace.dylib
0x0000000024db3000 	/usr/lib/system/libunwind.dylib
0x0000000024db3000 	/usr/lib/system/libxpc.dylib
0x0000000024db3000 	/usr/lib/closure/libclosured.dylib
0x0000000024db3000 	/usr/lib/libbsm.0.dylib
0x0000000024db3000 	/usr/lib/system/libkxld.dylib
0x0000000024db3000 	/usr/lib/libOpenScriptingUtil.dylib
0x0000000024db3000 	/usr/lib/libcoretls.dylib
0x0000000024db3000 	/usr/lib/libcoretls_cfhelpers.dylib
0x0000000024db3000 	/usr/lib/libpam.2.dylib
0x0000000024db3000 	/usr/lib/libsqlite3.dylib
0x0000000024db3000 	/usr/lib/libxar.1.dylib
0x0000000024db3000 	/usr/lib/libbz2.1.0.dylib
0x0000000024db3000 	/usr/lib/liblzma.5.dylib
0x0000000024db3000 	/usr/lib/libnetwork.dylib
0x0000000024db3000 	/usr/lib/libapple_nghttp2.dylib
0x0000000024db3000 	/usr/lib/libpcap.A.dylib
0x0000000024db3000 	/usr/lib/libboringssl.dylib
0x0000000024db3000 	/usr/lib/libusrtcp.dylib
0x0000000024db3000 	/usr/lib/libapple_crypto.dylib
0x0000000024db3000 	/System/Library/Frameworks/CoreServices.framework/Versions/A/Frameworks/FSEvents.framework/Versions/A/FSEvents
0x0000000024db3000 	/System/Library/Frameworks/CoreServices.framework/Versions/A/Frameworks/CarbonCore.framework/Versions/A/CarbonCore
0x0000000024db3000 	/System/Library/Frameworks/CoreServices.framework/Versions/A/Frameworks/Metadata.framework/Versions/A/Metadata
0x0000000024db3000 	/System/Library/Frameworks/CoreServices.framework/Versions/A/Frameworks/OSServices.framework/Versions/A/OSServices
0x0000000024db3000 	/System/Library/Frameworks/CoreServices.framework/Versions/A/Frameworks/SearchKit.framework/Versions/A/SearchKit
0x0000000024db3000 	/System/Library/Frameworks/CoreServices.framework/Versions/A/Frameworks/AE.framework/Versions/A/AE
0x0000000024db3000 	/System/Library/Frameworks/CoreServices.framework/Versions/A/Frameworks/LaunchServices.framework/Versions/A/LaunchServices
0x0000000024db3000 	/System/Library/Frameworks/CoreServices.framework/Versions/A/Frameworks/DictionaryServices.framework/Versions/A/DictionaryServices
0x0000000024db3000 	/System/Library/Frameworks/CoreServices.framework/Versions/A/Frameworks/SharedFileList.framework/Versions/A/SharedFileList
0x0000000024db3000 	/System/Library/Frameworks/NetFS.framework/Versions/A/NetFS
0x0000000024db3000 	/System/Library/PrivateFrameworks/NetAuth.framework/Versions/A/NetAuth
0x0000000024db3000 	/System/Library/PrivateFrameworks/login.framework/Versions/A/Frameworks/loginsupport.framework/Versions/A/loginsupport
0x0000000024db3000 	/System/Library/PrivateFrameworks/TCC.framework/Versions/A/TCC
0x0000000024db3000 	/usr/lib/libmecabra.dylib
0x0000000024db3000 	/System/Library/Frameworks/ApplicationServices.framework/Versions/A/Frameworks/ATS.framework/Versions/A/ATS
0x0000000024db3000 	/System/Library/Frameworks/ApplicationServices.framework/Versions/A/Frameworks/ColorSyncLegacy.framework/Versions/A/ColorSyncLegacy
0x0000000024db3000 	/System/Library/Frameworks/ApplicationServices.framework/Versions/A/Frameworks/HIServices.framework/Versions/A/HIServices
0x0000000024db3000 	/System/Library/Frameworks/ApplicationServices.framework/Versions/A/Frameworks/LangAnalysis.framework/Versions/A/LangAnalysis
0x0000000024db3000 	/System/Library/Frameworks/ApplicationServices.framework/Versions/A/Frameworks/PrintCore.framework/Versions/A/PrintCore
0x0000000024db3000 	/System/Library/Frameworks/ApplicationServices.framework/Versions/A/Frameworks/QD.framework/Versions/A/QD
0x0000000024db3000 	/System/Library/Frameworks/ApplicationServices.framework/Versions/A/Frameworks/SpeechSynthesis.framework/Versions/A/SpeechSynthesis
0x0000000024db3000 	/System/Library/Frameworks/CoreDisplay.framework/Versions/A/CoreDisplay
0x0000000024db3000 	/System/Library/Frameworks/Accelerate.framework/Versions/A/Frameworks/vImage.framework/Versions/A/vImage
0x0000000024db3000 	/System/Library/Frameworks/Accelerate.framework/Versions/A/Frameworks/vecLib.framework/Versions/A/vecLib
0x0000000024db3000 	/System/Library/Frameworks/Accelerate.framework/Versions/A/Frameworks/vecLib.framework/Versions/A/libvDSP.dylib
0x0000000024db3000 	/System/Library/Frameworks/Accelerate.framework/Versions/A/Frameworks/vecLib.framework/Versions/A/libBNNS.dylib
0x0000000024db3000 	/System/Library/Frameworks/Accelerate.framework/Versions/A/Frameworks/vecLib.framework/Versions/A/libQuadrature.dylib
0x0000000024db3000 	/System/Library/Frameworks/Accelerate.framework/Versions/A/Frameworks/vecLib.framework/Versions/A/libvMisc.dylib
0x0000000024db3000 	/System/Library/Frameworks/Accelerate.framework/Versions/A/Frameworks/vecLib.framework/Versions/A/libLAPACK.dylib
0x0000000024db3000 	/System/Library/Frameworks/Accelerate.framework/Versions/A/Frameworks/vecLib.framework/Versions/A/libBLAS.dylib
0x0000000024db3000 	/System/Library/Frameworks/Accelerate.framework/Versions/A/Frameworks/vecLib.framework/Versions/A/libLinearAlgebra.dylib
0x0000000024db3000 	/System/Library/Frameworks/Accelerate.framework/Versions/A/Frameworks/vecLib.framework/Versions/A/libSparse.dylib
0x0000000024db3000 	/System/Library/Frameworks/Accelerate.framework/Versions/A/Frameworks/vecLib.framework/Versions/A/libSparseBLAS.dylib
0x0000000024db3000 	/System/Library/PrivateFrameworks/IOAccelerator.framework/Versions/A/IOAccelerator
0x0000000024db3000 	/System/Library/PrivateFrameworks/IOPresentment.framework/Versions/A/IOPresentment
0x0000000024db3000 	/System/Library/PrivateFrameworks/DSExternalDisplay.framework/Versions/A/DSExternalDisplay
0x0000000024db3000 	/System/Library/Frameworks/OpenGL.framework/Versions/A/Libraries/libCoreFSCache.dylib
0x0000000024db3000 	/System/Library/Frameworks/CoreVideo.framework/Versions/A/CoreVideo
0x0000000024db3000 	/System/Library/PrivateFrameworks/GraphVisualizer.framework/Versions/A/GraphVisualizer
0x0000000024db3000 	/System/Library/Frameworks/MetalPerformanceShaders.framework/Versions/A/MetalPerformanceShaders
0x0000000024db3000 	/usr/lib/libFosl_dynamic.dylib
0x0000000024db3000 	/System/Library/PrivateFrameworks/FaceCore.framework/Versions/A/FaceCore
0x0000000024db3000 	/System/Library/Frameworks/OpenCL.framework/Versions/A/OpenCL
0x0000000024db3000 	/usr/lib/libcompression.dylib
0x0000000024db3000 	/System/Library/Frameworks/ApplicationServices.framework/Versions/A/Frameworks/ATS.framework/Versions/A/Resources/libFontParser.dylib
0x0000000024db3000 	/System/Library/Frameworks/ApplicationServices.framework/Versions/A/Frameworks/ATS.framework/Versions/A/Resources/libFontRegistry.dylib
0x0000000024db3000 	/System/Library/Frameworks/ImageIO.framework/Versions/A/Resources/libJPEG.dylib
0x0000000024db3000 	/System/Library/Frameworks/ImageIO.framework/Versions/A/Resources/libTIFF.dylib
0x0000000024db3000 	/System/Library/Frameworks/ImageIO.framework/Versions/A/Resources/libPng.dylib
0x0000000024db3000 	/System/Library/Frameworks/ImageIO.framework/Versions/A/Resources/libGIF.dylib
0x0000000024db3000 	/System/Library/Frameworks/ImageIO.framework/Versions/A/Resources/libJP2.dylib
0x0000000024db3000 	/System/Library/Frameworks/ImageIO.framework/Versions/A/Resources/libRadiance.dylib
0x0000000024db3000 	/System/Library/PrivateFrameworks/AppleJPEG.framework/Versions/A/AppleJPEG
0x0000000024db3000 	/System/Library/PrivateFrameworks/MetalTools.framework/Versions/A/MetalTools
0x0000000024db3000 	/System/Library/Frameworks/MetalPerformanceShaders.framework/Frameworks/MPSCore.framework/Versions/A/MPSCore
0x0000000024db3000 	/System/Library/Frameworks/MetalPerformanceShaders.framework/Frameworks/MPSImage.framework/Versions/A/MPSImage
0x0000000024db3000 	/System/Library/Frameworks/MetalPerformanceShaders.framework/Frameworks/MPSMatrix.framework/Versions/A/MPSMatrix
0x0000000024db3000 	/System/Library/Frameworks/MetalPerformanceShaders.framework/Frameworks/MPSNeuralNetwork.framework/Versions/A/MPSNeuralNetwork
0x0000000024db3000 	/System/Library/Frameworks/OpenGL.framework/Versions/A/Libraries/libGLU.dylib
0x0000000024db3000 	/System/Library/Frameworks/OpenGL.framework/Versions/A/Libraries/libGFXShared.dylib
0x0000000024db3000 	/System/Library/Frameworks/OpenGL.framework/Versions/A/Libraries/libGL.dylib
0x0000000024db3000 	/System/Library/Frameworks/OpenGL.framework/Versions/A/Libraries/libGLImage.dylib
0x0000000024db3000 	/System/Library/Frameworks/OpenGL.framework/Versions/A/Libraries/libCVMSPluginSupport.dylib
0x0000000024db3000 	/System/Library/Frameworks/OpenGL.framework/Versions/A/Libraries/libCoreVMClient.dylib
0x0000000024db3000 	/usr/lib/libcups.2.dylib
0x0000000024db3000 	/System/Library/Frameworks/Kerberos.framework/Versions/A/Kerberos
0x0000000024db3000 	/System/Library/Frameworks/GSS.framework/Versions/A/GSS
0x0000000024db3000 	/usr/lib/libresolv.9.dylib
0x0000000024db3000 	/usr/lib/libiconv.2.dylib
0x0000000024db3000 	/System/Library/PrivateFrameworks/Heimdal.framework/Versions/A/Heimdal
0x0000000024db3000 	/usr/lib/libheimdal-asn1.dylib
0x0000000024db3000 	/System/Library/Frameworks/OpenDirectory.framework/Versions/A/OpenDirectory
0x0000000024db3000 	/System/Library/PrivateFrameworks/CommonAuth.framework/Versions/A/CommonAuth
0x0000000024db3000 	/System/Library/Frameworks/OpenDirectory.framework/Versions/A/Frameworks/CFOpenDirectory.framework/Versions/A/CFOpenDirectory
0x0000000024db3000 	/System/Library/Frameworks/SecurityFoundation.framework/Versions/A/SecurityFoundation
0x0000000024db3000 	/System/Library/PrivateFrameworks/APFS.framework/Versions/A/APFS
0x0000000024db3000 	/usr/lib/libutil.dylib
0x0000000024db3000 	/System/Library/PrivateFrameworks/AppleSauce.framework/Versions/A/AppleSauce
0x0000000024db3000 	/System/Library/PrivateFrameworks/LinguisticData.framework/Versions/A/LinguisticData
0x0000000024db3000 	/usr/lib/libmarisa.dylib
0x0000000024db3000 	/System/Library/PrivateFrameworks/Lexicon.framework/Versions/A/Lexicon
0x0000000024db3000 	/usr/lib/libChineseTokenizer.dylib
0x0000000024db3000 	/usr/lib/libcmph.dylib
0x0000000024db3000 	/System/Library/PrivateFrameworks/LanguageModeling.framework/Versions/A/LanguageModeling
0x0000000024db3000 	/System/Library/PrivateFrameworks/CoreEmoji.framework/Versions/A/CoreEmoji
0x0000000024db3000 	/System/Library/Frameworks/ServiceManagement.framework/Versions/A/ServiceManagement
0x0000000024db3000 	/System/Library/PrivateFrameworks/BackgroundTaskManagement.framework/Versions/A/BackgroundTaskManagement
0x0000000024db3000 	/usr/lib/libxslt.1.dylib
0x0000000024db3000 	/System/Library/Frameworks/Carbon.framework/Versions/A/Frameworks/Ink.framework/Versions/A/Ink
0x0000000024db3000 	/System/Library/PrivateFrameworks/TextureIO.framework/Versions/A/TextureIO
0x0000000024db3000 	/usr/lib/libate.dylib
0x0000000024db3000 	/System/Library/PrivateFrameworks/CrashReporterSupport.framework/Versions/A/CrashReporterSupport
0x0000000024db3000 	/System/Library/PrivateFrameworks/Sharing.framework/Versions/A/Sharing
0x0000000024db3000 	/System/Library/PrivateFrameworks/IconServices.framework/Versions/A/IconServices
0x0000000024db3000 	/System/Library/PrivateFrameworks/ProtocolBuffer.framework/Versions/A/ProtocolBuffer
0x0000000024db3000 	/System/Library/PrivateFrameworks/Apple80211.framework/Versions/A/Apple80211
0x0000000024db3000 	/System/Library/Frameworks/CoreWLAN.framework/Versions/A/CoreWLAN
0x0000000024db3000 	/System/Library/PrivateFrameworks/CoreUtils.framework/Versions/A/CoreUtils
0x0000000024db3000 	/System/Library/Frameworks/IOBluetooth.framework/Versions/A/IOBluetooth
0x0000000024db3000 	/System/Library/PrivateFrameworks/CoreWiFi.framework/Versions/A/CoreWiFi
0x0000000024db3000 	/System/Library/Frameworks/CoreBluetooth.framework/Versions/A/CoreBluetooth
0x0000000024db3000 	/System/Library/PrivateFrameworks/SignpostNotification.framework/Versions/A/SignpostNotification
0x0000000024db3000 	/System/Library/PrivateFrameworks/DebugSymbols.framework/Versions/A/DebugSymbols
0x0000000024db3000 	/System/Library/PrivateFrameworks/CoreSymbolication.framework/Versions/A/CoreSymbolication
0x0000000024db3000 	/System/Library/PrivateFrameworks/Symbolication.framework/Versions/A/Symbolication
0x0000000024db3000 	/System/Library/PrivateFrameworks/AppleFSCompression.framework/Versions/A/AppleFSCompression
0x0000000024db3000 	/System/Library/PrivateFrameworks/SpeechRecognitionCore.framework/Versions/A/SpeechRecognitionCore
0x000000010ee00000 	/Library/Java/JavaVirtualMachines/jdk1.8.0_161.jdk/Contents/Home/jre/lib/server/libjvm.dylib
0x0000000024db3000 	/usr/lib/libstdc++.6.0.9.dylib
0x000000010e4d7000 	/Library/Java/JavaVirtualMachines/jdk1.8.0_161.jdk/Contents/Home/jre/lib/libverify.dylib
0x000000010e4e5000 	/Library/Java/JavaVirtualMachines/jdk1.8.0_161.jdk/Contents/Home/jre/lib/libjava.dylib
0x000000010e51c000 	/Library/Java/JavaVirtualMachines/jdk1.8.0_161.jdk/Contents/Home/jre/lib/libinstrument.dylib
0x000000010e5ba000 	/Library/Java/JavaVirtualMachines/jdk1.8.0_161.jdk/Contents/Home/jre/lib/libzip.dylib
0x0000000118237000 	/Library/Java/JavaVirtualMachines/jdk1.8.0_161.jdk/Contents/Home/jre/lib/libnet.dylib
0x0000000118296000 	/Library/Java/JavaVirtualMachines/jdk1.8.0_161.jdk/Contents/Home/jre/lib/libprism_es2.dylib
0x0000000024db3000 	/System/Library/PrivateFrameworks/CoreServicesInternal.framework/Versions/A/CoreServicesInternal
0x0000000024db3000 	/System/Library/Frameworks/OpenGL.framework/Versions/A/Resources/GLEngine.bundle/GLEngine
0x0000000024db3000 	/System/Library/Frameworks/OpenGL.framework/Versions/A/Libraries/libGLProgrammability.dylib
0x0000000118340000 	/System/Library/Extensions/AppleIntelKBLGraphicsGLDriver.bundle/Contents/MacOS/AppleIntelKBLGraphicsGLDriver
0x0000000024db3000 	/System/Library/PrivateFrameworks/GPUSupport.framework/Versions/A/Libraries/libGPUSupportMercury.dylib
0x0000000024db3000 	/System/Library/Frameworks/OpenGL.framework/Versions/A/Resources/GLRendererFloat.bundle/GLRendererFloat
0x0000000024db3000 	/System/Library/Frameworks/OpenCL.framework/Versions/A/Libraries/libcldcpuengine.dylib
0x0000000024db3000 	/usr/lib/libcrypto.35.dylib
0x0000000024db3000 	/System/Library/PrivateFrameworks/TrustEvaluationAgent.framework/Versions/A/TrustEvaluationAgent
0x0000000119758000 	/Library/Java/JavaVirtualMachines/jdk1.8.0_161.jdk/Contents/Home/jre/lib/libglass.dylib
0x0000000024db3000 	/System/Library/CoreServices/RawCamera.bundle/Contents/MacOS/RawCamera
0x0000000024db3000 	/System/Library/PrivateFrameworks/MobileAsset.framework/Versions/A/MobileAsset
0x0000000024db3000 	/System/Library/PrivateFrameworks/StreamingZip.framework/Versions/A/StreamingZip
0x0000000024db3000 	/System/Library/Frameworks/MediaToolbox.framework/Versions/A/MediaToolbox
0x0000000024db3000 	/System/Library/PrivateFrameworks/CoreAVCHD.framework/Versions/A/CoreAVCHD
0x0000000024db3000 	/System/Library/Frameworks/MediaAccessibility.framework/Versions/A/MediaAccessibility
0x0000000024db3000 	/System/Library/PrivateFrameworks/Mangrove.framework/Versions/A/Mangrove
0x0000000024db3000 	/System/Library/Frameworks/CoreMedia.framework/Versions/A/CoreMedia
0x0000000024db3000 	/System/Library/Frameworks/VideoToolbox.framework/Versions/A/VideoToolbox
0x0000000024db3000 	/System/Library/PrivateFrameworks/CoreAUC.framework/Versions/A/CoreAUC
0x0000000024db3000 	/usr/lib/libspindump.dylib
0x0000000024db3000 	/usr/lib/libdscsym.dylib
0x0000000024db3000 	/System/Library/PrivateFrameworks/AppleVA.framework/Versions/A/AppleVA
0x0000000024db3000 	/System/Library/Frameworks/Accelerate.framework/Versions/A/Frameworks/vImage.framework/Versions/A/Libraries/libCGInterfaces.dylib
0x0000000024db3000 	/System/Library/PrivateFrameworks/FamilyControls.framework/Versions/A/FamilyControls
0x0000000024db3000 	/System/Library/PrivateFrameworks/CommerceKit.framework/Versions/A/Frameworks/CommerceCore.framework/Versions/A/CommerceCore
0x0000000024db3000 	/System/Library/PrivateFrameworks/SystemAdministration.framework/Versions/A/SystemAdministration
0x0000000024db3000 	/System/Library/PrivateFrameworks/AppContainer.framework/Versions/A/AppContainer
0x0000000024db3000 	/System/Library/PrivateFrameworks/SecCodeWrapper.framework/Versions/A/SecCodeWrapper
0x0000000024db3000 	/System/Library/PrivateFrameworks/DiskManagement.framework/Versions/A/DiskManagement
0x0000000024db3000 	/System/Library/Frameworks/DirectoryService.framework/Versions/A/DirectoryService
0x0000000024db3000 	/System/Library/PrivateFrameworks/DiskImages.framework/Versions/A/DiskImages
0x0000000024db3000 	/System/Library/PrivateFrameworks/LoginUIKit.framework/Versions/A/Frameworks/LoginUICore.framework/Versions/A/LoginUICore
0x0000000024db3000 	/usr/lib/libCoreStorage.dylib
0x0000000024db3000 	/usr/lib/libcsfde.dylib
0x0000000024db3000 	/usr/lib/libodfde.dylib
0x0000000024db3000 	/System/Library/PrivateFrameworks/MediaKit.framework/Versions/A/MediaKit
0x0000000024db3000 	/System/Library/Frameworks/DiscRecording.framework/Versions/A/DiscRecording
0x0000000024db3000 	/System/Library/PrivateFrameworks/EFILogin.framework/Versions/A/EFILogin
0x0000000024db3000 	/System/Library/PrivateFrameworks/ProtectedCloudStorage.framework/Versions/A/ProtectedCloudStorage
0x0000000024db3000 	/usr/lib/libcurl.4.dylib
0x0000000024db3000 	/usr/lib/libssl.35.dylib
0x0000000024db3000 	/System/Library/Frameworks/LDAP.framework/Versions/A/LDAP
0x0000000024db3000 	/usr/lib/libsasl2.2.dylib
0x0000000024db3000 	/System/Library/PrivateFrameworks/CoreDaemon.framework/Versions/B/CoreDaemon
0x0000000024db3000 	/System/Library/PrivateFrameworks/AppleSRP.framework/Versions/A/AppleSRP
0x000000011bd10000 	/usr/local/Cellar/opencv/3.4.1_2/share/OpenCV/java/libopencv_java341.dylib
0x000000011be78000 	/usr/local/Cellar/opencv/3.4.1_2/lib/libopencv_xphoto.3.4.dylib
0x000000011bf10000 	/usr/local/Cellar/opencv/3.4.1_2/lib/libopencv_img_hash.3.4.dylib
0x000000011bf26000 	/usr/local/Cellar/opencv/3.4.1_2/lib/libopencv_bioinspired.3.4.dylib
0x000000011bf6f000 	/usr/local/Cellar/opencv/3.4.1_2/lib/libopencv_structured_light.3.4.dylib
0x000000011bf89000 	/usr/local/Cellar/opencv/3.4.1_2/lib/libopencv_xfeatures2d.3.4.dylib
0x000000011c27d000 	/usr/local/Cellar/opencv/3.4.1_2/lib/libopencv_ximgproc.3.4.dylib
0x000000011c4b1000 	/usr/local/Cellar/opencv/3.4.1_2/lib/libopencv_aruco.3.4.dylib
0x000000011c50e000 	/usr/local/Cellar/opencv/3.4.1_2/lib/libopencv_bgsegm.3.4.dylib
0x000000011c532000 	/usr/local/Cellar/opencv/3.4.1_2/lib/libopencv_face.3.4.dylib
0x000000011c5df000 	/usr/local/opt/tbb/lib/libtbb.dylib
0x000000011bbf1000 	/usr/local/Cellar/opencv/3.4.1_2/lib/libopencv_phase_unwrapping.3.4.dylib
0x000000011c619000 	/usr/local/Cellar/opencv/3.4.1_2/lib/libopencv_shape.3.4.dylib
0x000000012b75e000 	/usr/local/Cellar/opencv/3.4.1_2/lib/libopencv_calib3d.3.4.dylib
0x000000011c64c000 	/usr/local/Cellar/opencv/3.4.1_2/lib/libopencv_objdetect.3.4.dylib
0x000000012b90b000 	/usr/local/Cellar/opencv/3.4.1_2/lib/libopencv_photo.3.4.dylib
0x000000012b9d5000 	/usr/local/Cellar/opencv/3.4.1_2/lib/libopencv_tracking.3.4.dylib
0x000000012bbfa000 	/usr/local/Cellar/opencv/3.4.1_2/lib/libopencv_plot.3.4.dylib
0x000000012bc05000 	/usr/local/Cellar/opencv/3.4.1_2/lib/libopencv_video.3.4.dylib
0x000000012bc66000 	/usr/local/Cellar/opencv/3.4.1_2/lib/libopencv_datasets.3.4.dylib
0x000000012bcc2000 	/usr/local/Cellar/opencv/3.4.1_2/lib/libopencv_text.3.4.dylib
0x000000012be03000 	/usr/local/Cellar/opencv/3.4.1_2/lib/libopencv_ml.3.4.dylib
0x000000012beb7000 	/usr/local/Cellar/opencv/3.4.1_2/lib/libopencv_dnn.3.4.dylib
0x000000012c288000 	/usr/local/Cellar/opencv/3.4.1_2/lib/libopencv_features2d.3.4.dylib
0x000000012c347000 	/usr/local/Cellar/opencv/3.4.1_2/lib/libopencv_flann.3.4.dylib
0x000000012c3a7000 	/usr/local/Cellar/opencv/3.4.1_2/lib/libopencv_highgui.3.4.dylib
0x000000012c3bd000 	/usr/local/Cellar/opencv/3.4.1_2/lib/libopencv_videoio.3.4.dylib
0x000000012c3ed000 	/usr/local/Cellar/opencv/3.4.1_2/lib/libopencv_imgcodecs.3.4.dylib
0x000000012c4b5000 	/usr/local/Cellar/opencv/3.4.1_2/lib/libopencv_imgproc.3.4.dylib
0x000000012ea88000 	/usr/local/Cellar/opencv/3.4.1_2/lib/libopencv_core.3.4.dylib
0x000000012f6e8000 	/usr/local/opt/ffmpeg/lib/libavcodec.57.dylib
0x0000000130978000 	/usr/local/opt/ffmpeg/lib/libavformat.57.dylib
0x0000000130b2a000 	/usr/local/opt/ffmpeg/lib/libavutil.55.dylib
0x0000000130b93000 	/usr/local/opt/ffmpeg/lib/libswscale.4.dylib
0x0000000130c12000 	/usr/local/opt/ffmpeg/lib/libavresample.3.dylib
0x0000000024db3000 	/System/Library/Frameworks/VideoDecodeAcceleration.framework/Versions/A/VideoDecodeAcceleration
0x0000000024db3000 	/System/Library/Frameworks/AVFoundation.framework/Versions/A/AVFoundation
0x0000000130c33000 	/usr/local/opt/libpng/lib/libpng16.16.dylib
0x0000000130c5f000 	/usr/local/opt/libtiff/lib/libtiff.5.dylib
0x0000000130cc8000 	/usr/local/opt/ilmbase/lib/libImath-2_2.12.dylib
0x0000000130cd6000 	/usr/local/opt/openexr/lib/libIlmImf-2_2.22.dylib
0x0000000130fb6000 	/usr/local/opt/ilmbase/lib/libIex-2_2.12.dylib
0x0000000130fc8000 	/usr/local/opt/ilmbase/lib/libHalf.12.dylib
0x000000013100c000 	/usr/local/opt/ilmbase/lib/libIlmThread-2_2.12.dylib
0x0000000131014000 	/usr/local/opt/jpeg/lib/libjpeg.9.dylib
0x000000011bbfb000 	/usr/local/opt/ilmbase/lib/libIexMath-2_2.12.dylib
0x0000000131047000 	/usr/local/Cellar/ffmpeg/3.4.2/lib/libswresample.2.dylib
0x0000000131067000 	/usr/local/opt/x264/lib/libx264.152.dylib
0x00000001311dd000 	/usr/local/opt/lame/lib/libmp3lame.0.dylib
0x0000000024db3000 	/System/Library/Frameworks/AVFoundation.framework/Versions/A/Frameworks/AVFAudio.framework/Versions/A/AVFAudio
0x0000000024db3000 	/System/Library/PrivateFrameworks/IntlPreferences.framework/Versions/A/IntlPreferences
0x0000000024db3000 	/System/Library/Frameworks/CoreMediaIO.framework/Versions/A/CoreMediaIO
0x0000000024db3000 	/System/Library/PrivateFrameworks/RemoteServiceDiscovery.framework/Versions/A/RemoteServiceDiscovery
0x0000000024db3000 	/System/Library/PrivateFrameworks/RemoteXPC.framework/Versions/A/RemoteXPC
0x0000000024db3000 	/System/Library/Frameworks/Carbon.framework/Versions/A/Carbon
0x0000000024db3000 	/System/Library/PrivateFrameworks/InternationalSupport.framework/Versions/A/InternationalSupport
0x0000000024db3000 	/System/Library/Frameworks/Carbon.framework/Versions/A/Frameworks/CommonPanels.framework/Versions/A/CommonPanels
0x0000000024db3000 	/System/Library/Frameworks/Carbon.framework/Versions/A/Frameworks/Help.framework/Versions/A/Help
0x0000000024db3000 	/System/Library/Frameworks/Carbon.framework/Versions/A/Frameworks/ImageCapture.framework/Versions/A/ImageCapture
0x0000000024db3000 	/System/Library/Frameworks/Carbon.framework/Versions/A/Frameworks/OpenScripting.framework/Versions/A/OpenScripting
0x0000000024db3000 	/System/Library/Frameworks/Carbon.framework/Versions/A/Frameworks/Print.framework/Versions/A/Print
0x0000000024db3000 	/System/Library/Frameworks/Carbon.framework/Versions/A/Frameworks/SecurityHI.framework/Versions/A/SecurityHI
0x0000000024db3000 	/System/Library/Frameworks/ApplicationServices.framework/Versions/A/Frameworks/ATS.framework/Versions/A/Resources/libTrueTypeScaler.dylib
0x0000000024db3000 	/System/Library/Extensions/AppleIntelKBLGraphicsMTLDriver.bundle/Contents/MacOS/AppleIntelKBLGraphicsMTLDriver
0x0000000024db3000 	/System/Library/PrivateFrameworks/GPUCompiler.framework/Versions/3802/Libraries/libmetal_timestamp.dylib
0x0000000132083000 	/Library/Java/JavaVirtualMachines/jdk1.8.0_161.jdk/Contents/Home/jre/lib/libjavafx_font.dylib
0x0000000024db3000 	/System/Library/PrivateFrameworks/ViewBridge.framework/Versions/A/ViewBridge
0x0000000119f15000 	/Library/Java/JavaVirtualMachines/jdk1.8.0_161.jdk/Contents/Home/jre/lib/libprism_common.dylib
0x0000000024db3000 	/System/Library/PrivateFrameworks/FinderKit.framework/Versions/A/FinderKit
0x0000000024db3000 	/System/Library/Frameworks/Quartz.framework/Versions/A/Frameworks/QuickLookUI.framework/Versions/A/QuickLookUI
0x0000000024db3000 	/System/Library/Frameworks/Quartz.framework/Versions/A/Frameworks/ImageKit.framework/Versions/A/ImageKit
0x0000000024db3000 	/System/Library/Frameworks/QuickLook.framework/Versions/A/QuickLook
0x0000000024db3000 	/System/Library/PrivateFrameworks/AppleSystemInfo.framework/Versions/A/AppleSystemInfo
0x0000000024db3000 	/System/Library/Frameworks/ImageCaptureCore.framework/Versions/A/ImageCaptureCore
0x0000000024db3000 	/System/Library/PrivateFrameworks/Suggestions.framework/Versions/A/Suggestions
0x0000000024db3000 	/System/Library/Frameworks/SafariServices.framework/Versions/A/SafariServices
0x0000000024db3000 	/System/Library/Frameworks/QTKit.framework/Versions/A/QTKit
0x0000000024db3000 	/System/Library/PrivateFrameworks/MobileKeyBag.framework/Versions/A/MobileKeyBag
0x0000000024db3000 	/System/Library/PrivateFrameworks/CoreMediaAuthoring.framework/Versions/A/CoreMediaAuthoring
0x0000000024db3000 	/System/Library/PrivateFrameworks/QuickLookThumbnailing.framework/Versions/A/QuickLookThumbnailing
0x0000000024db3000 	/System/Library/PrivateFrameworks/GenerationalStorage.framework/Versions/A/GenerationalStorage
0x0000000024db3000 	/System/Library/PrivateFrameworks/ChunkingLibrary.framework/Versions/A/ChunkingLibrary
0x0000000024db3000 	/System/Library/PrivateFrameworks/DisplayServices.framework/Versions/A/DisplayServices
0x0000000024db3000 	/System/Library/Frameworks/Quartz.framework/Versions/A/Frameworks/PDFKit.framework/Versions/A/PDFKit
0x0000000024db3000 	/System/Library/Frameworks/Quartz.framework/Versions/A/Frameworks/QuartzComposer.framework/Versions/A/QuartzComposer
0x0000000024db3000 	/System/Library/Frameworks/Quartz.framework/Versions/A/Frameworks/QuartzFilters.framework/Versions/A/QuartzFilters
0x0000000024db3000 	/System/Library/PrivateFrameworks/CorePDF.framework/Versions/A/CorePDF
0x0000000024db3000 	/System/Library/Frameworks/JavaScriptCore.framework/Versions/A/JavaScriptCore
0x0000000024db3000 	/System/Library/Frameworks/AddressBook.framework/Versions/A/AddressBook
0x0000000024db3000 	/System/Library/PrivateFrameworks/ContactsPersistence.framework/Versions/A/ContactsPersistence
0x0000000024db3000 	/System/Library/PrivateFrameworks/ApplePushService.framework/Versions/A/ApplePushService
0x0000000024db3000 	/System/Library/PrivateFrameworks/CalendarAgentLink.framework/Versions/A/CalendarAgentLink
0x0000000024db3000 	/System/Library/PrivateFrameworks/ContactsFoundation.framework/Versions/A/ContactsFoundation
0x0000000024db3000 	/System/Library/PrivateFrameworks/CorePhoneNumbers.framework/Versions/A/CorePhoneNumbers
0x0000000024db3000 	/System/Library/Frameworks/Quartz.framework/Versions/A/Quartz
0x0000000024db3000 	/System/Library/Frameworks/SecurityInterface.framework/Versions/A/SecurityInterface
0x0000000024db3000 	/System/Library/PrivateFrameworks/ToneKit.framework/Versions/A/ToneKit
0x0000000024db3000 	/System/Library/PrivateFrameworks/ToneLibrary.framework/Versions/A/ToneLibrary
0x0000000024db3000 	/System/Library/PrivateFrameworks/vCard.framework/Versions/A/vCard
0x0000000024db3000 	/System/Library/Frameworks/Accounts.framework/Versions/A/Accounts
0x0000000024db3000 	/System/Library/PrivateFrameworks/PhoneNumbers.framework/Versions/A/PhoneNumbers
0x0000000024db3000 	/System/Library/PrivateFrameworks/CommonUtilities.framework/Versions/A/CommonUtilities
0x0000000024db3000 	/System/Library/PrivateFrameworks/CloudDocs.framework/Versions/A/CloudDocs
0x0000000024db3000 	/System/Library/PrivateFrameworks/FileProvider.framework/Versions/A/FileProvider
0x0000000024db3000 	/System/Library/PrivateFrameworks/SpotlightIndex.framework/Versions/A/SpotlightIndex
0x0000000024db3000 	/System/Library/PrivateFrameworks/SymptomDiagnosticReporter.framework/Versions/A/SymptomDiagnosticReporter
0x0000000024db3000 	/System/Library/PrivateFrameworks/CoreNLP.framework/Versions/A/CoreNLP
0x0000000024db3000 	/usr/lib/libmecab.1.0.0.dylib
0x0000000024db3000 	/usr/lib/libgermantok.dylib
0x0000000024db3000 	/usr/lib/libThaiTokenizer.dylib
0x0000000024db3000 	/System/Library/PrivateFrameworks/PlugInKit.framework/Versions/A/PlugInKit
0x0000000024db3000 	/System/Library/PrivateFrameworks/SharePointManagement.framework/Versions/A/SharePointManagement
0x0000000024db3000 	/System/Library/Frameworks/CloudKit.framework/Versions/A/CloudKit
0x0000000024db3000 	/System/Library/Frameworks/CoreLocation.framework/Versions/A/CoreLocation
0x0000000024db3000 	/System/Library/PrivateFrameworks/GeoServices.framework/Versions/A/GeoServices
0x0000000134701000 	/System/Library/Frameworks/Security.framework/PlugIns/csparser.bundle/Contents/MacOS/csparser

VM Arguments:
jvm_args: -Djava.library.path=/usr/local/Cellar/opencv/3.4.1_2/share/OpenCV/java -javaagent:/Applications/IntelliJ IDEA CE.app/Contents/lib/idea_rt.jar=51870:/Applications/IntelliJ IDEA CE.app/Contents/bin -Dfile.encoding=UTF-8 
java_command: application.Main
java_class_path (initial): /Library/Java/JavaVirtualMachines/jdk1.8.0_161.jdk/Contents/Home/jre/lib/charsets.jar:/Library/Java/JavaVirtualMachines/jdk1.8.0_161.jdk/Contents/Home/jre/lib/deploy.jar:/Library/Java/JavaVirtualMachines/jdk1.8.0_161.jdk/Contents/Home/jre/lib/ext/cldrdata.jar:/Library/Java/JavaVirtualMachines/jdk1.8.0_161.jdk/Contents/Home/jre/lib/ext/dnsns.jar:/Library/Java/JavaVirtualMachines/jdk1.8.0_161.jdk/Contents/Home/jre/lib/ext/jaccess.jar:/Library/Java/JavaVirtualMachines/jdk1.8.0_161.jdk/Contents/Home/jre/lib/ext/jfxrt.jar:/Library/Java/JavaVirtualMachines/jdk1.8.0_161.jdk/Contents/Home/jre/lib/ext/localedata.jar:/Library/Java/JavaVirtualMachines/jdk1.8.0_161.jdk/Contents/Home/jre/lib/ext/nashorn.jar:/Library/Java/JavaVirtualMachines/jdk1.8.0_161.jdk/Contents/Home/jre/lib/ext/sunec.jar:/Library/Java/JavaVirtualMachines/jdk1.8.0_161.jdk/Contents/Home/jre/lib/ext/sunjce_provider.jar:/Library/Java/JavaVirtualMachines/jdk1.8.0_161.jdk/Contents/Home/jre/lib/ext/sunpkcs11.jar:/Library/Java/JavaVirtualMachines/jdk1.8.0_161.jdk/Contents/Home/jre/lib/ext/zipfs.jar:/Library/Java/JavaVirtualMachines/jdk1.8.0_161.jdk/Contents/Home/jre/lib/javaws.jar:/Library/Java/JavaVirtualMachines/jdk1.8.0_161.jdk/Contents/Home/jre/lib/jce.jar:/Library/Java/JavaVirtualMachines/jdk1.8.0_161.jdk/Contents/Home/jre/lib/jfr.jar:/Library/Java/JavaVirtualMachines/jdk1.8.0_161.jdk/Contents/Home/jre/lib/jfxswt.jar:/Library/Java/JavaVirtualMachines/jdk1.8.0_161.jdk/Contents/Home/jre/lib/jsse.jar:/Library/Java/JavaVirtualMachines/jdk1.8.0_161.jdk/Contents/Home/jre/lib/management-agent.jar:/Library/Java/JavaVirtualMachines/jdk1.8.0_161.jdk/Contents/Home/jre/lib/plugin.jar:/Library/Java/JavaVirtualMachines/jdk1.8.0_161.jdk/Contents/Home/jre/lib/resources.jar:/Library/Java/JavaVirtualMachines/jdk1.8.0_161.jdk/Contents/Home/jre/lib/rt.jar:/Library/Java/JavaVirtualMachines/jdk1.8.0_161.jdk/Contents/Home/lib/ant-javafx.jar:/Library/Java/JavaVirtualMachines/jdk1.8.0_161.jdk/Contents/Home
Launcher Type: SUN_STANDARD

Environment Variables:
PATH=/Library/Frameworks/Python.framework/Versions/3.6/bin:/usr/local/bin:/usr/bin:/bin:/usr/sbin:/sbin:/Applications/Wireshark.app/Contents/MacOS:/Users/mackenziehiga/scripts:/Users/mackenziehiga/.rvm/bin
SHELL=/bin/bash

Signal Handlers:
SIGSEGV: [libjvm.dylib+0x5b5439], sa_mask[0]=11111111011111110111111111111111, sa_flags=SA_ONSTACK|SA_RESTART|SA_SIGINFO
SIGBUS: [libjvm.dylib+0x5b5439], sa_mask[0]=11111111011111110111111111111111, sa_flags=SA_RESTART|SA_SIGINFO
SIGFPE: [libjvm.dylib+0x48ae24], sa_mask[0]=11111111011111110111111111111111, sa_flags=SA_RESTART|SA_SIGINFO
SIGPIPE: [libjvm.dylib+0x48ae24], sa_mask[0]=11111111011111110111111111111111, sa_flags=SA_RESTART|SA_SIGINFO
SIGXFSZ: [libjvm.dylib+0x48ae24], sa_mask[0]=11111111011111110111111111111111, sa_flags=SA_RESTART|SA_SIGINFO
SIGILL: [libjvm.dylib+0x48ae24], sa_mask[0]=11111111011111110111111111111111, sa_flags=SA_RESTART|SA_SIGINFO
SIGUSR1: SIG_DFL, sa_mask[0]=00000000000000000000000000000000, sa_flags=none
SIGUSR2: [libjvm.dylib+0x48a942], sa_mask[0]=00100000000000000000000000000000, sa_flags=SA_RESTART|SA_SIGINFO
SIGHUP: [libjvm.dylib+0x488f0d], sa_mask[0]=11111111011111110111111111111111, sa_flags=SA_RESTART|SA_SIGINFO
SIGINT: [libjvm.dylib+0x488f0d], sa_mask[0]=11111111011111110111111111111111, sa_flags=SA_RESTART|SA_SIGINFO
SIGTERM: [libjvm.dylib+0x488f0d], sa_mask[0]=11111111011111110111111111111111, sa_flags=SA_RESTART|SA_SIGINFO
SIGQUIT: [libjvm.dylib+0x488f0d], sa_mask[0]=11111111011111110111111111111111, sa_flags=SA_RESTART|SA_SIGINFO


---------------  S Y S T E M  ---------------

OS:Bsduname:Darwin 17.4.0 Darwin Kernel Version 17.4.0: Sun Dec 17 09:19:54 PST 2017; root:xnu-4570.41.2~1/RELEASE_X86_64 x86_64
rlimit: STACK 8192k, CORE 0k, NPROC 709, NOFILE 10240, AS infinity
load average:3.13 2.70 2.90

CPU:total 4 (initial active 4) (2 cores per cpu, 2 threads per core) family 6 model 142 stepping 9, cmov, cx8, fxsr, mmx, sse, sse2, sse3, ssse3, sse4.1, sse4.2, popcnt, avx, avx2, aes, clmul, erms, 3dnowpref, lzcnt, ht, tsc, tscinvbit, bmi1, bmi2, adx

Memory: 4k page, physical 8388608k(640196k free)

/proc/meminfo:


vm_info: Java HotSpot(TM) 64-Bit Server VM (25.161-b12) for bsd-amd64 JRE (1.8.0_161-b12), built on Dec 19 2017 16:22:20 by "java_re" with gcc 4.2.1 (Based on Apple Inc. build 5658) (LLVM build 2336.11.00)

time: Wed Apr  4 12:25:16 2018
elapsed time: 4 seconds (0d 0h 0m 4s)

