#
# There is insufficient memory for the Java Runtime Environment to continue.
# Native memory allocation (malloc) failed to allocate 32744 bytes for ChunkPool::allocate
# Possible reasons:
#   The system is out of physical RAM or swap space
#   The process is running with CompressedOops enabled, and the Java Heap may be blocking the growth of the native heap
# Possible solutions:
#   Reduce memory load on the system
#   Increase physical memory or swap space
#   Check if swap backing store is full
#   Decrease Java heap size (-Xmx/-Xms)
#   Decrease number of Java threads
#   Decrease Java thread stack sizes (-Xss)
#   Set larger code cache with -XX:ReservedCodeCacheSize=
#   JVM is running with Unscaled Compressed Oops mode in which the Java heap is
#     placed in the first 4GB address space. The Java Heap base address is the
#     maximum limit for the native heap growth. Please use -XX:HeapBaseMinAddress
#     to set the Java Heap base and to place the Java Heap above 4GB virtual address.
# This output file may be truncated or incomplete.
#
#  Out of Memory Error (t:/workspace/hotspot/src/share/vm/memory/allocation.cpp:256), pid=504, tid=6152
#
# JRE version: Java(TM) SE Runtime Environment (9.0+11) (build 9.0.4+11)
# Java VM: Java HotSpot(TM) 64-Bit Server VM (9.0.4+11, mixed mode, tiered, compressed oops, serial gc, windows-amd64)
# No core dump will be written. Minidumps are not enabled by default on client versions of Windows
#

---------------  S U M M A R Y ------------

Command Line: -Djava.library.path=C:\Users\macke\Downloads\opencv\build\java\x64 -Dfile.encoding=Cp1252 application.Main

Host: Intel(R) Core(TM) i5-7267U CPU @ 3.10GHz, 1 cores, 1G,  Windows 10 , 64 bit Build 16299 (10.0.16299.15)
Time: Tue Feb 27 22:04:14 2018 Pacific Standard Time elapsed time: 43 seconds (0d 0h 0m 43s)

---------------  T H R E A D  ---------------

Current thread (0x0000027f5bdce000):  JavaThread "C1 CompilerThread1" daemon [_thread_in_native, id=6152, stack(0x00000086c6600000,0x00000086c6700000)]


Current CompileTask:
C1:  43083 2228   !   3       com.sun.javafx.tk.quantum.PresentingPainter::run (675 bytes)

Stack: [0x00000086c6600000,0x00000086c6700000]
Native frames: (J=compiled Java code, j=interpreted, Vv=VM code, C=native code)
V  [jvm.dll+0x587068]
V  [jvm.dll+0x69c25e]
V  [jvm.dll+0x69d17a]
V  [jvm.dll+0x69d7b3]
V  [jvm.dll+0x21d198]
V  [jvm.dll+0xa802d]
V  [jvm.dll+0xa7afa]
V  [jvm.dll+0xa83ec]
V  [jvm.dll+0x140fa5]
V  [jvm.dll+0x137bfd]
V  [jvm.dll+0x132cfe]
V  [jvm.dll+0x11f860]
V  [jvm.dll+0x108110]
V  [jvm.dll+0x107c99]
V  [jvm.dll+0x107e03]
V  [jvm.dll+0x107173]
V  [jvm.dll+0x108ca7]
V  [jvm.dll+0x1f6570]
V  [jvm.dll+0x1f51f6]
V  [jvm.dll+0x66b44f]
V  [jvm.dll+0x586490]
C  [msvcr120.dll+0x24f7f]
C  [msvcr120.dll+0x25126]
C  [KERNEL32.DLL+0x11fe4]
C  [ntdll.dll+0x6ef91]


---------------  P R O C E S S  ---------------

Java Threads: ( => current thread )
  0x0000027f5c2a0800 JavaThread "pool-2-thread-1" [_thread_blocked, id=4560, stack(0x00000086c7700000,0x00000086c7800000)]
  0x0000027f5d99d000 JavaThread "Prism Font Disposer" daemon [_thread_blocked, id=7752, stack(0x00000086c7200000,0x00000086c7300000)]
  0x0000027f5d16e000 JavaThread "Java2D Disposer" daemon [_thread_blocked, id=5312, stack(0x00000086c7100000,0x00000086c7200000)]
  0x0000027f5c93c000 JavaThread "JavaFX-Launcher" [_thread_blocked, id=6460, stack(0x00000086c7000000,0x00000086c7100000)]
  0x0000027f5c41f800 JavaThread "Thread-1" daemon [_thread_in_native, id=3356, stack(0x00000086c6f00000,0x00000086c7000000)]
  0x0000027f5c3a5800 JavaThread "JavaFX Application Thread" [_thread_in_native, id=6288, stack(0x00000086c6d00000,0x00000086c6e00000)]
  0x0000027f5c738800 JavaThread "InvokeLaterDispatcher" daemon [_thread_blocked, id=6516, stack(0x00000086c6c00000,0x00000086c6d00000)]
  0x0000027f5c32e000 JavaThread "QuantumRenderer-0" daemon [_thread_blocked, id=6128, stack(0x00000086c6b00000,0x00000086c6c00000)]
  0x0000027f5c031000 JavaThread "Service Thread" daemon [_thread_blocked, id=5368, stack(0x00000086c6900000,0x00000086c6a00000)]
  0x0000027f5bf4a000 JavaThread "Common-Cleaner" daemon [_thread_blocked, id=672, stack(0x00000086c6800000,0x00000086c6900000)]
  0x0000027f5befc000 JavaThread "Sweeper thread" daemon [_thread_blocked, id=5992, stack(0x00000086c6700000,0x00000086c6800000)]
=>0x0000027f5bdce000 JavaThread "C1 CompilerThread1" daemon [_thread_in_native, id=6152, stack(0x00000086c6600000,0x00000086c6700000)]
  0x0000027f5bdaa000 JavaThread "C2 CompilerThread0" daemon [_thread_blocked, id=3332, stack(0x00000086c6500000,0x00000086c6600000)]
  0x0000027f5bda7000 JavaThread "Attach Listener" daemon [_thread_blocked, id=1944, stack(0x00000086c6400000,0x00000086c6500000)]
  0x0000027f5bda5800 JavaThread "Signal Dispatcher" daemon [_thread_blocked, id=5640, stack(0x00000086c6300000,0x00000086c6400000)]
  0x0000027f5bd99800 JavaThread "Finalizer" daemon [_thread_blocked, id=6352, stack(0x00000086c6200000,0x00000086c6300000)]
  0x0000027f5bd8e000 JavaThread "Reference Handler" daemon [_thread_blocked, id=4920, stack(0x00000086c6100000,0x00000086c6200000)]
  0x0000027f43c1b000 JavaThread "main" [_thread_blocked, id=5880, stack(0x00000086c5f00000,0x00000086c6000000)]

Other Threads:
  0x0000027f5bd64800 VMThread "VM Thread" [stack: 0x00000086c6000000,0x00000086c6100000] [id=6252]
  0x0000027f5c036000 WatcherThread [stack: 0x00000086c6a00000,0x00000086c6b00000] [id=5952]

Threads with active compile tasks:
C1 CompilerThread12228   !   3       com.sun.javafx.tk.quantum.PresentingPainter::run (675 bytes)

VM state:not at safepoint (normal execution)

VM Mutex/Monitor currently owned by a thread: None

Heap address: 0x00000000e0000000, size: 512 MB, Compressed Oops mode: 32-bit
Narrow klass base: 0x0000000000000000, Narrow klass shift: 3
Compressed class space size: 1073741824 Address: 0x0000000100000000

Heap:
 def new generation   total 9920K, used 8222K [0x00000000e0000000, 0x00000000e0ac0000, 0x00000000eaaa0000)
  eden space 8832K,  87% used [0x00000000e0000000, 0x00000000e07831c8, 0x00000000e08a0000)
  from space 1088K,  48% used [0x00000000e08a0000, 0x00000000e0924768, 0x00000000e09b0000)
  to   space 1088K,   0% used [0x00000000e09b0000, 0x00000000e09b0000, 0x00000000e0ac0000)
 tenured generation   total 21888K, used 15717K [0x00000000eaaa0000, 0x00000000ec000000, 0x0000000100000000)
   the space 21888K,  71% used [0x00000000eaaa0000, 0x00000000eb9f9640, 0x00000000eb9f9800, 0x00000000ec000000)
 Metaspace       used 21903K, capacity 23556K, committed 23680K, reserved 1069056K
  class space    used 2828K, capacity 3186K, committed 3200K, reserved 1048576K

Card table byte_map: [0x0000027f5b310000,0x0000027f5b420000] byte_map_base: 0x0000027f5ac10000

Polling page: 0x0000027f43dc0000

CodeHeap 'non-profiled nmethods': size=120064Kb used=945Kb max_used=945Kb free=119118Kb
 bounds [0x0000027f53ce0000, 0x0000027f53f50000, 0x0000027f5b220000]
CodeHeap 'profiled nmethods': size=120000Kb used=4206Kb max_used=4206Kb free=115793Kb
 bounds [0x0000027f4c7b0000, 0x0000027f4cbd0000, 0x0000027f53ce0000]
CodeHeap 'non-nmethods': size=5696Kb used=1546Kb max_used=1559Kb free=4149Kb
 bounds [0x0000027f4c220000, 0x0000027f4c490000, 0x0000027f4c7b0000]
 total_blobs=3476 nmethods=2228 adapters=776
 compilation: enabled

Compilation events (10 events):
Event: 43.055 Thread 0x0000027f5bdce000 nmethod 2223 0x0000027f4cbc5b10 code [0x0000027f4cbc5e40, 0x0000027f4cbc7090]
Event: 43.055 Thread 0x0000027f5bdce000 2224       3       com.sun.javafx.tk.quantum.QuantumRenderer::afterExecute (31 bytes)
Event: 43.056 Thread 0x0000027f5bdce000 nmethod 2224 0x0000027f4cbc7690 code [0x0000027f4cbc78c0, 0x0000027f4cbc7fa0]
Event: 43.068 Thread 0x0000027f5bdce000 2225       3       com.sun.javafx.tk.quantum.ViewScene::isSynchronous (23 bytes)
Event: 43.068 Thread 0x0000027f5bdce000 nmethod 2225 0x0000027f4cbc8210 code [0x0000027f4cbc83c0, 0x0000027f4cbc8698]
Event: 43.068 Thread 0x0000027f5bdce000 2226       3       com.sun.javafx.tk.quantum.ViewScene::repaint (30 bytes)
Event: 43.069 Thread 0x0000027f5bdce000 nmethod 2226 0x0000027f4cbc8710 code [0x0000027f4cbc8980, 0x0000027f4cbc9520]
Event: 43.069 Thread 0x0000027f5bdce000 2227   !   3       com.sun.javafx.tk.quantum.QuantumToolkit::addRenderJob (72 bytes)
Event: 43.070 Thread 0x0000027f5bdce000 nmethod 2227 0x0000027f4cbc9890 code [0x0000027f4cbc9ba0, 0x0000027f4cbcb2f0]
Event: 43.070 Thread 0x0000027f5bdce000 2228   !   3       com.sun.javafx.tk.quantum.PresentingPainter::run (675 bytes)

GC Heap History (10 events):
Event: 38.953 GC heap before
{Heap before GC invocations=7 (full 1):
 def new generation   total 9920K, used 9487K [0x00000000e0000000, 0x00000000e0ac0000, 0x00000000eaaa0000)
  eden space 8832K,  99% used [0x00000000e0000000, 0x00000000e0893a58, 0x00000000e08a0000)
  from space 1088K,  64% used [0x00000000e09b0000, 0x00000000e0a60520, 0x00000000e0ac0000)
  to   space 1088K,   0% used [0x00000000e08a0000, 0x00000000e08a0000, 0x00000000e09b0000)
 tenured generation   total 21888K, used 12210K [0x00000000eaaa0000, 0x00000000ec000000, 0x0000000100000000)
   the space 21888K,  55% used [0x00000000eaaa0000, 0x00000000eb68cae8, 0x00000000eb68cc00, 0x00000000ec000000)
 Metaspace       used 21635K, capacity 23348K, committed 23424K, reserved 1069056K
  class space    used 2824K, capacity 3184K, committed 3200K, reserved 1048576K
}
Event: 38.955 GC heap after
{Heap after GC invocations=8 (full 1):
 def new generation   total 9920K, used 529K [0x00000000e0000000, 0x00000000e0ac0000, 0x00000000eaaa0000)
  eden space 8832K,   0% used [0x00000000e0000000, 0x00000000e0000000, 0x00000000e08a0000)
  from space 1088K,  48% used [0x00000000e08a0000, 0x00000000e09244e8, 0x00000000e09b0000)
  to   space 1088K,   0% used [0x00000000e09b0000, 0x00000000e09b0000, 0x00000000e0ac0000)
 tenured generation   total 21888K, used 12912K [0x00000000eaaa0000, 0x00000000ec000000, 0x0000000100000000)
   the space 21888K,  58% used [0x00000000eaaa0000, 0x00000000eb73c290, 0x00000000eb73c400, 0x00000000ec000000)
 Metaspace       used 21635K, capacity 23348K, committed 23424K, reserved 1069056K
  class space    used 2824K, capacity 3184K, committed 3200K, reserved 1048576K
}
Event: 39.112 GC heap before
{Heap before GC invocations=8 (full 1):
 def new generation   total 9920K, used 9343K [0x00000000e0000000, 0x00000000e0ac0000, 0x00000000eaaa0000)
  eden space 8832K,  99% used [0x00000000e0000000, 0x00000000e089ba68, 0x00000000e08a0000)
  from space 1088K,  48% used [0x00000000e08a0000, 0x00000000e09244e8, 0x00000000e09b0000)
  to   space 1088K,   0% used [0x00000000e09b0000, 0x00000000e09b0000, 0x00000000e0ac0000)
 tenured generation   total 21888K, used 12912K [0x00000000eaaa0000, 0x00000000ec000000, 0x0000000100000000)
   the space 21888K,  58% used [0x00000000eaaa0000, 0x00000000eb73c290, 0x00000000eb73c400, 0x00000000ec000000)
 Metaspace       used 21655K, capacity 23354K, committed 23424K, reserved 1069056K
  class space    used 2825K, capacity 3185K, committed 3200K, reserved 1048576K
}
Event: 39.114 GC heap after
{Heap after GC invocations=9 (full 1):
 def new generation   total 9920K, used 707K [0x00000000e0000000, 0x00000000e0ac0000, 0x00000000eaaa0000)
  eden space 8832K,   0% used [0x00000000e0000000, 0x00000000e0000000, 0x00000000e08a0000)
  from space 1088K,  65% used [0x00000000e09b0000, 0x00000000e0a60cd0, 0x00000000e0ac0000)
  to   space 1088K,   0% used [0x00000000e08a0000, 0x00000000e08a0000, 0x00000000e09b0000)
 tenured generation   total 21888K, used 13612K [0x00000000eaaa0000, 0x00000000ec000000, 0x0000000100000000)
   the space 21888K,  62% used [0x00000000eaaa0000, 0x00000000eb7eb2a0, 0x00000000eb7eb400, 0x00000000ec000000)
 Metaspace       used 21655K, capacity 23354K, committed 23424K, reserved 1069056K
  class space    used 2825K, capacity 3185K, committed 3200K, reserved 1048576K
}
Event: 39.186 GC heap before
{Heap before GC invocations=9 (full 1):
 def new generation   total 9920K, used 9497K [0x00000000e0000000, 0x00000000e0ac0000, 0x00000000eaaa0000)
  eden space 8832K,  99% used [0x00000000e0000000, 0x00000000e0895a38, 0x00000000e08a0000)
  from space 1088K,  65% used [0x00000000e09b0000, 0x00000000e0a60cd0, 0x00000000e0ac0000)
  to   space 1088K,   0% used [0x00000000e08a0000, 0x00000000e08a0000, 0x00000000e09b0000)
 tenured generation   total 21888K, used 13612K [0x00000000eaaa0000, 0x00000000ec000000, 0x0000000100000000)
   the space 21888K,  62% used [0x00000000eaaa0000, 0x00000000eb7eb2a0, 0x00000000eb7eb400, 0x00000000ec000000)
 Metaspace       used 21674K, capacity 23354K, committed 23424K, reserved 1069056K
  class space    used 2825K, capacity 3185K, committed 3200K, reserved 1048576K
}
Event: 39.188 GC heap after
{Heap after GC invocations=10 (full 1):
 def new generation   total 9920K, used 529K [0x00000000e0000000, 0x00000000e0ac0000, 0x00000000eaaa0000)
  eden space 8832K,   0% used [0x00000000e0000000, 0x00000000e0000000, 0x00000000e08a0000)
  from space 1088K,  48% used [0x00000000e08a0000, 0x00000000e0924490, 0x00000000e09b0000)
  to   space 1088K,   0% used [0x00000000e09b0000, 0x00000000e09b0000, 0x00000000e0ac0000)
 tenured generation   total 21888K, used 14315K [0x00000000eaaa0000, 0x00000000ec000000, 0x0000000100000000)
   the space 21888K,  65% used [0x00000000eaaa0000, 0x00000000eb89aef8, 0x00000000eb89b000, 0x00000000ec000000)
 Metaspace       used 21674K, capacity 23354K, committed 23424K, reserved 1069056K
  class space    used 2825K, capacity 3185K, committed 3200K, reserved 1048576K
}
Event: 39.286 GC heap before
{Heap before GC invocations=10 (full 1):
 def new generation   total 9920K, used 9295K [0x00000000e0000000, 0x00000000e0ac0000, 0x00000000eaaa0000)
  eden space 8832K,  99% used [0x00000000e0000000, 0x00000000e088fae8, 0x00000000e08a0000)
  from space 1088K,  48% used [0x00000000e08a0000, 0x00000000e0924490, 0x00000000e09b0000)
  to   space 1088K,   0% used [0x00000000e09b0000, 0x00000000e09b0000, 0x00000000e0ac0000)
 tenured generation   total 21888K, used 14315K [0x00000000eaaa0000, 0x00000000ec000000, 0x0000000100000000)
   the space 21888K,  65% used [0x00000000eaaa0000, 0x00000000eb89aef8, 0x00000000eb89b000, 0x00000000ec000000)
 Metaspace       used 21680K, capacity 23354K, committed 23424K, reserved 1069056K
  class space    used 2825K, capacity 3185K, committed 3200K, reserved 1048576K
}
Event: 39.288 GC heap after
{Heap after GC invocations=11 (full 1):
 def new generation   total 9920K, used 705K [0x00000000e0000000, 0x00000000e0ac0000, 0x00000000eaaa0000)
  eden space 8832K,   0% used [0x00000000e0000000, 0x00000000e0000000, 0x00000000e08a0000)
  from space 1088K,  64% used [0x00000000e09b0000, 0x00000000e0a60748, 0x00000000e0ac0000)
  to   space 1088K,   0% used [0x00000000e08a0000, 0x00000000e08a0000, 0x00000000e09b0000)
 tenured generation   total 21888K, used 15015K [0x00000000eaaa0000, 0x00000000ec000000, 0x0000000100000000)
   the space 21888K,  68% used [0x00000000eaaa0000, 0x00000000eb949f08, 0x00000000eb94a000, 0x00000000ec000000)
 Metaspace       used 21680K, capacity 23354K, committed 23424K, reserved 1069056K
  class space    used 2825K, capacity 3185K, committed 3200K, reserved 1048576K
}
Event: 39.431 GC heap before
{Heap before GC invocations=11 (full 1):
 def new generation   total 9920K, used 9484K [0x00000000e0000000, 0x00000000e0ac0000, 0x00000000eaaa0000)
  eden space 8832K,  99% used [0x00000000e0000000, 0x00000000e08928d8, 0x00000000e08a0000)
  from space 1088K,  64% used [0x00000000e09b0000, 0x00000000e0a60748, 0x00000000e0ac0000)
  to   space 1088K,   0% used [0x00000000e08a0000, 0x00000000e08a0000, 0x00000000e09b0000)
 tenured generation   total 21888K, used 15015K [0x00000000eaaa0000, 0x00000000ec000000, 0x0000000100000000)
   the space 21888K,  68% used [0x00000000eaaa0000, 0x00000000eb949f08, 0x00000000eb94a000, 0x00000000ec000000)
 Metaspace       used 21693K, capacity 23358K, committed 23424K, reserved 1069056K
  class space    used 2825K, capacity 3185K, committed 3200K, reserved 1048576K
}
Event: 39.432 GC heap after
{Heap after GC invocations=12 (full 1):
 def new generation   total 9920K, used 529K [0x00000000e0000000, 0x00000000e0ac0000, 0x00000000eaaa0000)
  eden space 8832K,   0% used [0x00000000e0000000, 0x00000000e0000000, 0x00000000e08a0000)
  from space 1088K,  48% used [0x00000000e08a0000, 0x00000000e0924768, 0x00000000e09b0000)
  to   space 1088K,   0% used [0x00000000e09b0000, 0x00000000e09b0000, 0x00000000e0ac0000)
 tenured generation   total 21888K, used 15717K [0x00000000eaaa0000, 0x00000000ec000000, 0x0000000100000000)
   the space 21888K,  71% used [0x00000000eaaa0000, 0x00000000eb9f9640, 0x00000000eb9f9800, 0x00000000ec000000)
 Metaspace       used 21693K, capacity 23358K, committed 23424K, reserved 1069056K
  class space    used 2825K, capacity 3185K, committed 3200K, reserved 1048576K
}

Deoptimization events (10 events):
Event: 2.357 Thread 0x0000027f5c3a5800 Uncommon trap: reason=unstable_if action=reinterpret pc=0x0000027f53d2c718 method=java.lang.ref.ReferenceQueue.poll()Ljava/lang/ref/Reference; @ 4 c2
Event: 2.468 Thread 0x0000027f5c3a5800 Uncommon trap: reason=unstable_if action=reinterpret pc=0x0000027f53d5df90 method=java.util.Arrays.equals([Ljava/lang/Object;[Ljava/lang/Object;)Z @ 23 c2
Event: 2.479 Thread 0x0000027f5c3a5800 Uncommon trap: reason=unstable_if action=reinterpret pc=0x0000027f53d5463c method=java.nio.Buffer.position(I)Ljava/nio/Buffer; @ 45 c2
Event: 2.630 Thread 0x0000027f5c3a5800 Uncommon trap: reason=unstable_if action=reinterpret pc=0x0000027f53d351c4 method=java.util.ArrayList.newCapacity(I)I @ 25 c2
Event: 2.640 Thread 0x0000027f5c3a5800 Uncommon trap: reason=class_check action=maybe_recompile pc=0x0000027f53cf9654 method=java.lang.String.equals(Ljava/lang/Object;)Z @ 8 c2
Event: 2.640 Thread 0x0000027f5c3a5800 Uncommon trap: reason=class_check action=maybe_recompile pc=0x0000027f53cf9654 method=java.lang.String.equals(Ljava/lang/Object;)Z @ 8 c2
Event: 2.640 Thread 0x0000027f5c3a5800 Uncommon trap: reason=class_check action=maybe_recompile pc=0x0000027f53cf9654 method=java.lang.String.equals(Ljava/lang/Object;)Z @ 8 c2
Event: 2.640 Thread 0x0000027f5c3a5800 Uncommon trap: reason=class_check action=maybe_recompile pc=0x0000027f53cf9654 method=java.lang.String.equals(Ljava/lang/Object;)Z @ 8 c2
Event: 38.380 Thread 0x0000027f5c3a5800 Uncommon trap: reason=unstable_if action=reinterpret pc=0x0000027f53d2b6b0 method=jdk.internal.org.objectweb.asm.Type.getArgumentsAndReturnSizes(Ljava/lang/String;)I @ 47 c2
Event: 38.665 Thread 0x0000027f5c2a0800 Uncommon trap: reason=unstable_if action=reinterpret pc=0x0000027f53da9a9c method=com.sun.javafx.image.impl.IntTo4ByteSameConverter.doConvert([III[BIIII)V @ 29 c2

Classes redefined (0 events):
No events

Internal exceptions (10 events):
Event: 3.187 Thread 0x0000027f5c32e000 Exception <a 'java/lang/NoSuchMethodError'{0x00000000e07faeb8}: java.lang.invoke.DirectMethodHandle$Holder.invokeStaticInit(Ljava/lang/Object;I)Ljava/lang/Object;> (0x00000000e07faeb8) thrown at [t:/workspace/hotspot/src/share/vm/interpreter/linkResolver.
Event: 38.380 Thread 0x0000027f5c3a5800 Exception <a 'java/lang/NoSuchMethodError'{0x00000000e0027048}: method resolution failed> (0x00000000e0027048) thrown at [t:/workspace/hotspot/src/share/vm/prims/methodHandles.cpp, line 1256]
Event: 38.380 Thread 0x0000027f5c3a5800 Exception <a 'java/lang/NoSuchMethodError'{0x00000000e002a270}: java.lang.invoke.DirectMethodHandle$Holder.invokeStaticInit(Ljava/lang/Object;Ljava/lang/Object;Ljava/lang/Object;)J> (0x00000000e002a270) thrown at [t:/workspace/hotspot/src/share/vm/interpr
Event: 38.387 Thread 0x0000027f5c3a5800 Exception <a 'java/lang/NoSuchMethodError'{0x00000000e003cda0}: method resolution failed> (0x00000000e003cda0) thrown at [t:/workspace/hotspot/src/share/vm/prims/methodHandles.cpp, line 1256]
Event: 38.387 Thread 0x0000027f5c3a5800 Exception <a 'java/lang/NoSuchMethodError'{0x00000000e0043110}: java.lang.invoke.DirectMethodHandle$Holder.invokeStatic(Ljava/lang/Object;Ljava/lang/Object;J)Ljava/lang/Object;> (0x00000000e0043110) thrown at [t:/workspace/hotspot/src/share/vm/interpreter
Event: 38.388 Thread 0x0000027f5c3a5800 Exception <a 'java/lang/NoSuchMethodError'{0x00000000e0046708}: method resolution failed> (0x00000000e0046708) thrown at [t:/workspace/hotspot/src/share/vm/prims/methodHandles.cpp, line 1256]
Event: 38.572 Thread 0x0000027f5c2a0800 Exception <a 'java/lang/ClassNotFoundException'{0x00000000e0080a18}: sun/awt/resources/spi/awtProvider> (0x00000000e0080a18) thrown at [t:/workspace/hotspot/src/share/vm/classfile/systemDictionary.cpp, line 218]
Event: 38.575 Thread 0x0000027f5c2a0800 Exception <a 'java/io/FileNotFoundException'{0x00000000e018cb30}> (0x00000000e018cb30) thrown at [t:/workspace/hotspot/src/share/vm/prims/jni.cpp, line 604]
Event: 38.577 Thread 0x0000027f5c2a0800 Exception <a 'java/io/FileNotFoundException'{0x00000000e0190890}> (0x00000000e0190890) thrown at [t:/workspace/hotspot/src/share/vm/prims/jni.cpp, line 604]
Event: 39.533 Thread 0x0000027f5c2a0800 Exception <a 'org/opencv/core/CvException'{0x00000000e00876e8}: cv::Exception: C:\build\master_winpack-bindings-win64-vc14-static\opencv\modules\core\src\matrix.cpp:433: error: (-215) u != 0 in function cv::Mat::create
> (0x00000000e00876e8) thrown at [t:

Events (10 events):
Event: 39.461 loading class java/lang/Throwable$WrappedPrintStream
Event: 39.461 loading class java/lang/Throwable$PrintStreamOrWriter
Event: 39.461 loading class java/lang/Throwable$PrintStreamOrWriter done
Event: 39.461 loading class java/lang/Throwable$WrappedPrintStream done
Event: 39.461 loading class java/util/IdentityHashMap$KeySet
Event: 39.461 loading class java/util/IdentityHashMap$KeySet done
Event: 39.486 loading class com/sun/javafx/tk/quantum/GlassScene
Event: 39.486 loading class com/sun/javafx/tk/quantum/GlassScene done
Event: 39.532 loading class org/opencv/core/CvException
Event: 39.532 loading class org/opencv/core/CvException done


Dynamic libraries:
0x00007ff76d710000 - 0x00007ff76d74e000 	C:\Program Files\Java\jre-9.0.4\bin\javaw.exe
0x00007ffb8fd80000 - 0x00007ffb8ff60000 	C:\Windows\SYSTEM32\ntdll.dll
0x00007ffb8faf0000 - 0x00007ffb8fb9e000 	C:\Windows\System32\KERNEL32.DLL
0x00007ffb8c450000 - 0x00007ffb8c6b6000 	C:\Windows\System32\KERNELBASE.dll
0x00007ffb8dbf0000 - 0x00007ffb8dc91000 	C:\Windows\System32\ADVAPI32.dll
0x00007ffb8f690000 - 0x00007ffb8f72d000 	C:\Windows\System32\msvcrt.dll
0x00007ffb8d700000 - 0x00007ffb8d75b000 	C:\Windows\System32\sechost.dll
0x00007ffb8daa0000 - 0x00007ffb8dbbf000 	C:\Windows\System32\RPCRT4.dll
0x00007ffb8f790000 - 0x00007ffb8f91f000 	C:\Windows\System32\USER32.dll
0x00007ffb8c770000 - 0x00007ffb8c790000 	C:\Windows\System32\win32u.dll
0x00007ffb8f920000 - 0x00007ffb8f948000 	C:\Windows\System32\GDI32.dll
0x00007ffb8cee0000 - 0x00007ffb8d073000 	C:\Windows\System32\gdi32full.dll
0x00007ffb8c1e0000 - 0x00007ffb8c27b000 	C:\Windows\System32\msvcp_win.dll
0x00007ffb8c2d0000 - 0x00007ffb8c3c6000 	C:\Windows\System32\ucrtbase.dll
0x00007ffb7d880000 - 0x00007ffb7dae9000 	C:\Windows\WinSxS\amd64_microsoft.windows.common-controls_6595b64144ccf1df_6.0.16299.125_none_15cbcf8893620c09\COMCTL32.dll
0x00007ffb8d760000 - 0x00007ffb8da68000 	C:\Windows\System32\combase.dll
0x00007ffb8c3d0000 - 0x00007ffb8c442000 	C:\Windows\System32\bcryptPrimitives.dll
0x00007ffb80c30000 - 0x00007ffb80c3a000 	C:\Windows\SYSTEM32\VERSION.dll
0x00007ffb8dbc0000 - 0x00007ffb8dbed000 	C:\Windows\System32\IMM32.DLL
0x00007ffb6f030000 - 0x00007ffb6f11f000 	C:\Program Files\Java\jre-9.0.4\bin\msvcr120.dll
0x00007ffb6ef80000 - 0x00007ffb6f026000 	C:\Program Files\Java\jre-9.0.4\bin\msvcp120.dll
0x000000006ea60000 - 0x000000006f485000 	C:\Program Files\Java\jre-9.0.4\bin\server\jvm.dll
0x00007ffb8da70000 - 0x00007ffb8da78000 	C:\Windows\System32\PSAPI.DLL
0x00007ffb7d0e0000 - 0x00007ffb7d0e9000 	C:\Windows\SYSTEM32\WSOCK32.dll
0x00007ffb8f620000 - 0x00007ffb8f68c000 	C:\Windows\System32\WS2_32.dll
0x00007ffb89260000 - 0x00007ffb89283000 	C:\Windows\SYSTEM32\WINMM.dll
0x00007ffb89200000 - 0x00007ffb8922a000 	C:\Windows\SYSTEM32\WINMMBASE.dll
0x00007ffb8c280000 - 0x00007ffb8c2ca000 	C:\Windows\System32\cfgmgr32.dll
0x00007ffb7cd40000 - 0x00007ffb7cd4f000 	C:\Program Files\Java\jre-9.0.4\bin\verify.dll
0x00007ffb6ef50000 - 0x00007ffb6ef77000 	C:\Program Files\Java\jre-9.0.4\bin\java.dll
0x00007ffb6ef30000 - 0x00007ffb6ef46000 	C:\Program Files\Java\jre-9.0.4\bin\zip.dll
0x00007ffb7ae10000 - 0x00007ffb7ae1a000 	C:\Program Files\Java\jre-9.0.4\bin\jimage.dll
0x00007ffb8e010000 - 0x00007ffb8f446000 	C:\Windows\System32\SHELL32.dll
0x00007ffb8df60000 - 0x00007ffb8e006000 	C:\Windows\System32\shcore.dll
0x00007ffb8c790000 - 0x00007ffb8ced7000 	C:\Windows\System32\windows.storage.dll
0x00007ffb8f5a0000 - 0x00007ffb8f5f1000 	C:\Windows\System32\shlwapi.dll
0x00007ffb8c110000 - 0x00007ffb8c121000 	C:\Windows\System32\kernel.appcore.dll
0x00007ffb8c130000 - 0x00007ffb8c17c000 	C:\Windows\System32\powrprof.dll
0x00007ffb8c0d0000 - 0x00007ffb8c0eb000 	C:\Windows\System32\profapi.dll
0x00007ffb6ef10000 - 0x00007ffb6ef2a000 	C:\Program Files\Java\jre-9.0.4\bin\net.dll
0x00007ffb84400000 - 0x00007ffb844de000 	C:\Windows\SYSTEM32\WINHTTP.dll
0x00007ffb8b960000 - 0x00007ffb8b9c6000 	C:\Windows\system32\mswsock.dll
0x00007ffb6eef0000 - 0x00007ffb6ef01000 	C:\Program Files\Java\jre-9.0.4\bin\nio.dll
0x0000027f43f10000 - 0x0000027f43f13000 	C:\Program Files\Java\jre-9.0.4\bin\api-ms-win-core-console-l1-1-0.dll
0x0000027f43f20000 - 0x0000027f43f23000 	C:\Program Files\Java\jre-9.0.4\bin\api-ms-win-core-datetime-l1-1-0.dll
0x0000027f5c4c0000 - 0x0000027f5c4c3000 	C:\Program Files\Java\jre-9.0.4\bin\api-ms-win-core-debug-l1-1-0.dll
0x0000027f5c4d0000 - 0x0000027f5c4d3000 	C:\Program Files\Java\jre-9.0.4\bin\api-ms-win-core-errorhandling-l1-1-0.dll
0x0000027f5c4e0000 - 0x0000027f5c4e4000 	C:\Program Files\Java\jre-9.0.4\bin\api-ms-win-core-file-l1-1-0.dll
0x0000027f5c4f0000 - 0x0000027f5c4f3000 	C:\Program Files\Java\jre-9.0.4\bin\api-ms-win-core-file-l1-2-0.dll
0x0000027f5c500000 - 0x0000027f5c503000 	C:\Program Files\Java\jre-9.0.4\bin\api-ms-win-core-file-l2-1-0.dll
0x0000027f5c510000 - 0x0000027f5c513000 	C:\Program Files\Java\jre-9.0.4\bin\api-ms-win-core-handle-l1-1-0.dll
0x0000027f5c520000 - 0x0000027f5c523000 	C:\Program Files\Java\jre-9.0.4\bin\api-ms-win-core-heap-l1-1-0.dll
0x0000027f5c530000 - 0x0000027f5c533000 	C:\Program Files\Java\jre-9.0.4\bin\api-ms-win-core-interlocked-l1-1-0.dll
0x0000027f5c540000 - 0x0000027f5c543000 	C:\Program Files\Java\jre-9.0.4\bin\api-ms-win-core-libraryloader-l1-1-0.dll
0x0000027f5c550000 - 0x0000027f5c553000 	C:\Program Files\Java\jre-9.0.4\bin\api-ms-win-core-localization-l1-2-0.dll
0x0000027f5c560000 - 0x0000027f5c563000 	C:\Program Files\Java\jre-9.0.4\bin\api-ms-win-core-memory-l1-1-0.dll
0x0000027f5c570000 - 0x0000027f5c573000 	C:\Program Files\Java\jre-9.0.4\bin\api-ms-win-core-namedpipe-l1-1-0.dll
0x0000027f5c580000 - 0x0000027f5c583000 	C:\Program Files\Java\jre-9.0.4\bin\api-ms-win-core-processenvironment-l1-1-0.dll
0x0000027f5c590000 - 0x0000027f5c593000 	C:\Program Files\Java\jre-9.0.4\bin\api-ms-win-core-processthreads-l1-1-0.dll
0x0000027f5c5a0000 - 0x0000027f5c5a3000 	C:\Program Files\Java\jre-9.0.4\bin\api-ms-win-core-processthreads-l1-1-1.dll
0x0000027f5c5b0000 - 0x0000027f5c5b3000 	C:\Program Files\Java\jre-9.0.4\bin\api-ms-win-core-profile-l1-1-0.dll
0x0000027f5c5c0000 - 0x0000027f5c5c3000 	C:\Program Files\Java\jre-9.0.4\bin\api-ms-win-core-rtlsupport-l1-1-0.dll
0x0000027f5c5d0000 - 0x0000027f5c5d3000 	C:\Program Files\Java\jre-9.0.4\bin\api-ms-win-core-string-l1-1-0.dll
0x0000027f5c5e0000 - 0x0000027f5c5e3000 	C:\Program Files\Java\jre-9.0.4\bin\api-ms-win-core-synch-l1-1-0.dll
0x0000027f5c5f0000 - 0x0000027f5c5f3000 	C:\Program Files\Java\jre-9.0.4\bin\api-ms-win-core-synch-l1-2-0.dll
0x0000027f5c600000 - 0x0000027f5c603000 	C:\Program Files\Java\jre-9.0.4\bin\api-ms-win-core-sysinfo-l1-1-0.dll
0x0000027f5c610000 - 0x0000027f5c613000 	C:\Program Files\Java\jre-9.0.4\bin\api-ms-win-core-timezone-l1-1-0.dll
0x0000027f5c620000 - 0x0000027f5c623000 	C:\Program Files\Java\jre-9.0.4\bin\api-ms-win-core-util-l1-1-0.dll
0x0000027f5c630000 - 0x0000027f5c633000 	C:\Program Files\Java\jre-9.0.4\bin\api-ms-win-crt-conio-l1-1-0.dll
0x0000027f5c640000 - 0x0000027f5c644000 	C:\Program Files\Java\jre-9.0.4\bin\api-ms-win-crt-convert-l1-1-0.dll
0x0000027f5c650000 - 0x0000027f5c653000 	C:\Program Files\Java\jre-9.0.4\bin\api-ms-win-crt-environment-l1-1-0.dll
0x0000027f5c660000 - 0x0000027f5c663000 	C:\Program Files\Java\jre-9.0.4\bin\api-ms-win-crt-filesystem-l1-1-0.dll
0x0000027f5c670000 - 0x0000027f5c673000 	C:\Program Files\Java\jre-9.0.4\bin\api-ms-win-crt-heap-l1-1-0.dll
0x0000027f5c680000 - 0x0000027f5c683000 	C:\Program Files\Java\jre-9.0.4\bin\api-ms-win-crt-locale-l1-1-0.dll
0x0000027f5c690000 - 0x0000027f5c695000 	C:\Program Files\Java\jre-9.0.4\bin\api-ms-win-crt-math-l1-1-0.dll
0x0000027f5c6a0000 - 0x0000027f5c6a5000 	C:\Program Files\Java\jre-9.0.4\bin\api-ms-win-crt-multibyte-l1-1-0.dll
0x0000027f5c6b0000 - 0x0000027f5c6c0000 	C:\Program Files\Java\jre-9.0.4\bin\api-ms-win-crt-private-l1-1-0.dll
0x0000027f5c6c0000 - 0x0000027f5c6c3000 	C:\Program Files\Java\jre-9.0.4\bin\api-ms-win-crt-process-l1-1-0.dll
0x0000027f5c6d0000 - 0x0000027f5c6d4000 	C:\Program Files\Java\jre-9.0.4\bin\api-ms-win-crt-runtime-l1-1-0.dll
0x0000027f5c6e0000 - 0x0000027f5c6e4000 	C:\Program Files\Java\jre-9.0.4\bin\api-ms-win-crt-stdio-l1-1-0.dll
0x0000027f5c6f0000 - 0x0000027f5c6f4000 	C:\Program Files\Java\jre-9.0.4\bin\api-ms-win-crt-string-l1-1-0.dll
0x0000027f5c700000 - 0x0000027f5c703000 	C:\Program Files\Java\jre-9.0.4\bin\api-ms-win-crt-time-l1-1-0.dll
0x0000027f5c710000 - 0x0000027f5c713000 	C:\Program Files\Java\jre-9.0.4\bin\api-ms-win-crt-utility-l1-1-0.dll
0x00007ffb6bec0000 - 0x00007ffb6bfb6000 	C:\Program Files\Java\jre-9.0.4\bin\ucrtbase.dll
0x00007ffb7d150000 - 0x00007ffb7d166000 	C:\Program Files\Java\jre-9.0.4\bin\vcruntime140.dll
0x00007ffb7c010000 - 0x00007ffb7c0ac000 	C:\Program Files\Java\jre-9.0.4\bin\msvcp140.dll
0x00007ffb79fc0000 - 0x00007ffb7a011000 	C:\Program Files\Java\jre-9.0.4\bin\concrt140.dll
0x00007ffb7d120000 - 0x00007ffb7d143000 	C:\Program Files\Java\jre-9.0.4\bin\prism_d3d.dll
0x00007ffb6bd20000 - 0x00007ffb6beb5000 	C:\Windows\system32\d3d9.dll
0x00007ffb8a980000 - 0x00007ffb8a9aa000 	C:\Windows\SYSTEM32\dwmapi.dll
0x00007ffb8a710000 - 0x00007ffb8a7a5000 	C:\Windows\system32\uxtheme.dll
0x00007ffb87380000 - 0x00007ffb87aec000 	C:\Windows\SYSTEM32\d3d10warp.dll
0x00007ffb8bfd0000 - 0x00007ffb8bff9000 	C:\Windows\SYSTEM32\USERENV.dll
0x00007ffb7bfc0000 - 0x00007ffb7c00a000 	C:\Program Files\Java\jre-9.0.4\bin\glass.dll
0x00007ffb8fba0000 - 0x00007ffb8fcaa000 	C:\Windows\System32\COMDLG32.dll
0x00007ffb8f450000 - 0x00007ffb8f599000 	C:\Windows\System32\ole32.dll
0x00007ffb8dca0000 - 0x00007ffb8dd65000 	C:\Windows\System32\OLEAUT32.dll
0x00007ffb8dd70000 - 0x00007ffb8ded7000 	C:\Windows\System32\MSCTF.dll
0x00007ffb68ca0000 - 0x00007ffb6ab97000 	C:\Users\macke\Downloads\opencv\build\java\x64\opencv_java320.dll
0x00007ffb7b490000 - 0x00007ffb7b4b9000 	C:\Windows\SYSTEM32\MSVFW32.dll
0x00007ffb7c340000 - 0x00007ffb7c35f000 	C:\Windows\SYSTEM32\AVIFIL32.dll
0x00007ffb7c300000 - 0x00007ffb7c318000 	C:\Windows\SYSTEM32\AVICAP32.dll
0x00007ffb7b470000 - 0x00007ffb7b48c000 	C:\Windows\SYSTEM32\MSACM32.dll
0x00007ffb7b3c0000 - 0x00007ffb7b3d4000 	C:\Program Files\Java\jre-9.0.4\bin\javafx_font.dll
0x00007ffb6bb80000 - 0x00007ffb6bd19000 	C:\Program Files\Java\jre-9.0.4\bin\awt.dll
0x00007ffb89b70000 - 0x00007ffb8a128000 	C:\Windows\SYSTEM32\d2d1.dll
0x00007ffb8d080000 - 0x00007ffb8d24e000 	C:\Windows\System32\CRYPT32.dll
0x00007ffb8c0f0000 - 0x00007ffb8c102000 	C:\Windows\System32\MSASN1.dll
0x00007ffb8a660000 - 0x00007ffb8a6e8000 	C:\Windows\SYSTEM32\apphelp.dll
0x00007ffb79730000 - 0x00007ffb797cd000 	C:\Program Files\Java\jre-9.0.4\bin\fontmanager.dll
0x00007ffb83d40000 - 0x00007ffb8404f000 	C:\Windows\SYSTEM32\dwrite.dll
0x00007ffb8fcb0000 - 0x00007ffb8fd4e000 	C:\Windows\System32\clbcatq.dll
0x00007ffb88a80000 - 0x00007ffb88c2b000 	C:\Windows\SYSTEM32\WindowsCodecs.dll
0x00007ffb77a90000 - 0x00007ffb77adf000 	C:\Windows\system32\dataexchange.dll
0x00007ffb897a0000 - 0x00007ffb89a81000 	C:\Windows\system32\d3d11.dll
0x00007ffb8a130000 - 0x00007ffb8a272000 	C:\Windows\system32\dcomp.dll
0x00007ffb8af40000 - 0x00007ffb8afef000 	C:\Windows\system32\dxgi.dll
0x00007ffb8ab00000 - 0x00007ffb8ac7b000 	C:\Windows\system32\twinapi.appcore.dll
0x00007ffb8aa70000 - 0x00007ffb8aa90000 	C:\Windows\system32\RMCLIENT.dll
0x00007ffb8bc30000 - 0x00007ffb8bc55000 	C:\Windows\system32\bcrypt.dll
0x00007ffb82270000 - 0x00007ffb822a4000 	C:\Program Files\Common Files\Microsoft Shared\Ink\rtscom.dll
0x00007ffb85bb0000 - 0x00007ffb85c48000 	C:\Windows\System32\TextInputFramework.dll
0x00007ffb88650000 - 0x00007ffb8893e000 	C:\Windows\System32\CoreUIComponents.dll
0x00007ffb89a90000 - 0x00007ffb89b6d000 	C:\Windows\System32\CoreMessaging.dll
0x00007ffb8b240000 - 0x00007ffb8b271000 	C:\Windows\SYSTEM32\ntmarta.dll
0x00007ffb88510000 - 0x00007ffb88646000 	C:\Windows\SYSTEM32\wintypes.dll
0x00007ffb79710000 - 0x00007ffb79722000 	C:\Program Files\Java\jre-9.0.4\bin\prism_common.dll
0x0000000066cc0000 - 0x00000000684bb000 	C:\Users\macke\Downloads\opencv\build\java\x64\opencv_ffmpeg320_64.dll

VM Arguments:
jvm_args: -Djava.library.path=C:\Users\macke\Downloads\opencv\build\java\x64 -Dfile.encoding=Cp1252 
java_command: application.Main
java_class_path (initial): C:\Users\macke\Desktop\Assignment 2\Java Skeleton\BlindHelper\bin;C:\Users\macke\Downloads\opencv\build\java\opencv-320.jar;C:\Users\macke\.p2\pool\plugins\org.eclipse.fx.ide.css.jfx8_3.0.0.201705220750.jar
Launcher Type: SUN_STANDARD

Logging:
Log output configuration:
#0: stdout all=warning uptime,level,tags
#1: stderr all=off uptime,level,tags

Environment Variables:
PATH=C:\ProgramData\Oracle\Java\javapath;C:\Windows\system32;C:\Windows;C:\Windows\System32\Wbem;C:\Windows\System32\WindowsPowerShell\v1.0\;C:\Users\macke\AppData\Local\Microsoft\WindowsApps;
USERNAME=macke
OS=Windows_NT
PROCESSOR_IDENTIFIER=Intel64 Family 6 Model 142 Stepping 9, GenuineIntel



---------------  S Y S T E M  ---------------

OS: Windows 10 , 64 bit Build 16299 (10.0.16299.15)

CPU:total 1 (initial active 1) (1 cores per cpu, 1 threads per core) family 6 model 142 stepping 9, cmov, cx8, fxsr, mmx, sse, sse2, sse3, ssse3, sse4.1, sse4.2, popcnt, avx, avx2, aes, clmul, 3dnowpref, lzcnt, tsc, tscinvbit

Memory: 4k page, physical 2096692k(201992k free), swap 5866032k(972k free)

vm_info: Java HotSpot(TM) 64-Bit Server VM (9.0.4+11) for windows-amd64 JRE (9.0.4+11), built on Dec 20 2017 02:18:54 by "mach5one" with MS VC++ 12.0 (VS2013)

END.
